2018-05-01 15:53:26.2317 Manager  001 (Program.cs:43) server start........................ 1 Manager
2018-05-01 15:53:26.5055 Manager  001 (AppManagerComponent.cs:58) dotnet App.dll --appId=2 --appType=Realm --config=../Config/StartConfig/JuAnServer
2018-05-01 15:53:26.5151 Manager  001 (AppManagerComponent.cs:58) dotnet App.dll --appId=3 --appType=DB --config=../Config/StartConfig/JuAnServer
2018-05-01 15:53:26.5188 Manager  001 (AppManagerComponent.cs:58) dotnet App.dll --appId=4 --appType=Gate --config=../Config/StartConfig/JuAnServer
2018-05-01 15:53:26.5223 Manager  001 (AppManagerComponent.cs:58) dotnet App.dll --appId=5 --appType=Location --config=../Config/StartConfig/JuAnServer
2018-05-01 15:53:26.5259 Manager  001 (AppManagerComponent.cs:58) dotnet App.dll --appId=6 --appType=Map --config=../Config/StartConfig/JuAnServer
2018-05-01 21:47:58.2148 Manager  001 (Program.cs:43) server start........................ 1 Manager
2018-05-01 21:47:58.5587 Manager  001 (AppManagerComponent.cs:58) dotnet App.dll --appId=2 --appType=Realm --config=../Config/StartConfig/JuAnServer
2018-05-01 21:47:58.5703 Manager  001 (AppManagerComponent.cs:58) dotnet App.dll --appId=3 --appType=DB --config=../Config/StartConfig/JuAnServer
2018-05-01 21:47:58.5752 Manager  001 (AppManagerComponent.cs:58) dotnet App.dll --appId=4 --appType=Gate --config=../Config/StartConfig/JuAnServer
2018-05-01 21:47:58.5825 Manager  001 (AppManagerComponent.cs:58) dotnet App.dll --appId=5 --appType=Location --config=../Config/StartConfig/JuAnServer
2018-05-01 21:47:58.5886 Manager  001 (AppManagerComponent.cs:58) dotnet App.dll --appId=6 --appType=Map --config=../Config/StartConfig/JuAnServer
2018-05-01 21:48:53.8260 Manager  001 (Program.cs:43) server start........................ 1 Manager
2018-05-01 21:48:53.9531 Manager  001 (AppManagerComponent.cs:58) dotnet App.dll --appId=2 --appType=Realm --config=../Config/StartConfig/JuAnServer
2018-05-01 21:48:53.9645 Manager  001 (AppManagerComponent.cs:58) dotnet App.dll --appId=3 --appType=DB --config=../Config/StartConfig/JuAnServer
2018-05-01 21:48:53.9690 Manager  001 (AppManagerComponent.cs:58) dotnet App.dll --appId=4 --appType=Gate --config=../Config/StartConfig/JuAnServer
2018-05-01 21:48:53.9731 Manager  001 (AppManagerComponent.cs:58) dotnet App.dll --appId=5 --appType=Location --config=../Config/StartConfig/JuAnServer
2018-05-01 21:48:53.9773 Manager  001 (AppManagerComponent.cs:58) dotnet App.dll --appId=6 --appType=Map --config=../Config/StartConfig/JuAnServer
2018-05-01 21:50:47.0541 Manager  001 (Program.cs:43) server start........................ 1 Manager
2018-05-01 21:50:47.3579 Manager  001 (AppManagerComponent.cs:58) dotnet App.dll --appId=2 --appType=Realm --config=../Config/StartConfig/JuAnServer
2018-05-01 21:50:47.3740 Manager  001 (AppManagerComponent.cs:58) dotnet App.dll --appId=3 --appType=DB --config=../Config/StartConfig/JuAnServer
2018-05-01 21:50:47.3810 Manager  001 (AppManagerComponent.cs:58) dotnet App.dll --appId=4 --appType=Gate --config=../Config/StartConfig/JuAnServer
2018-05-01 21:50:47.3866 Manager  001 (AppManagerComponent.cs:58) dotnet App.dll --appId=5 --appType=Location --config=../Config/StartConfig/JuAnServer
2018-05-01 21:50:47.3925 Manager  001 (AppManagerComponent.cs:58) dotnet App.dll --appId=6 --appType=Map --config=../Config/StartConfig/JuAnServer
2018-05-01 21:51:28.9152 Manager  001 (Program.cs:43) server start........................ 1 Manager
2018-05-01 21:51:29.0441 Manager  001 (AppManagerComponent.cs:58) dotnet App.dll --appId=2 --appType=Realm --config=../Config/StartConfig/JuAnServer
2018-05-01 21:51:29.0572 Manager  001 (AppManagerComponent.cs:58) dotnet App.dll --appId=3 --appType=DB --config=../Config/StartConfig/JuAnServer
2018-05-01 21:51:29.0617 Manager  001 (AppManagerComponent.cs:58) dotnet App.dll --appId=4 --appType=Gate --config=../Config/StartConfig/JuAnServer
2018-05-01 21:51:29.0661 Manager  001 (AppManagerComponent.cs:58) dotnet App.dll --appId=5 --appType=Location --config=../Config/StartConfig/JuAnServer
2018-05-01 21:51:29.0707 Manager  001 (AppManagerComponent.cs:58) dotnet App.dll --appId=6 --appType=Map --config=../Config/StartConfig/JuAnServer
2018-05-01 21:53:49.0680 Manager  001 (Program.cs:43) server start........................ 1 Manager
2018-05-01 21:53:49.3463 Manager  001 (AppManagerComponent.cs:58) dotnet App.dll --appId=2 --appType=Realm --config=../Config/StartConfig/JuAnServer
2018-05-01 21:53:49.3619 Manager  001 (AppManagerComponent.cs:58) dotnet App.dll --appId=3 --appType=DB --config=../Config/StartConfig/JuAnServer
2018-05-01 21:53:49.3658 Manager  001 (AppManagerComponent.cs:58) dotnet App.dll --appId=4 --appType=Gate --config=../Config/StartConfig/JuAnServer
2018-05-01 21:53:49.3697 Manager  001 (AppManagerComponent.cs:58) dotnet App.dll --appId=5 --appType=Location --config=../Config/StartConfig/JuAnServer
2018-05-01 21:53:49.3740 Manager  001 (AppManagerComponent.cs:58) dotnet App.dll --appId=6 --appType=Map --config=../Config/StartConfig/JuAnServer
2018-05-01 21:54:58.6794 Manager  001 (Program.cs:43) server start........................ 1 Manager
2018-05-01 21:54:58.8432 Manager  001 (AppManagerComponent.cs:58) dotnet App.dll --appId=2 --appType=Realm --config=../Config/StartConfig/JuAnServer
2018-05-01 21:54:58.8559 Manager  001 (AppManagerComponent.cs:58) dotnet App.dll --appId=3 --appType=DB --config=../Config/StartConfig/JuAnServer
2018-05-01 21:54:58.8602 Manager  001 (AppManagerComponent.cs:58) dotnet App.dll --appId=4 --appType=Gate --config=../Config/StartConfig/JuAnServer
2018-05-01 21:54:58.8646 Manager  001 (AppManagerComponent.cs:58) dotnet App.dll --appId=5 --appType=Location --config=../Config/StartConfig/JuAnServer
2018-05-01 21:54:58.8692 Manager  001 (AppManagerComponent.cs:58) dotnet App.dll --appId=6 --appType=Map --config=../Config/StartConfig/JuAnServer
2018-05-01 21:55:59.2761 Manager  001 (Program.cs:43) server start........................ 1 Manager
2018-05-01 21:55:59.5480 Manager  001 (AppManagerComponent.cs:58) dotnet App.dll --appId=2 --appType=Realm --config=../Config/StartConfig/JuAnServer
2018-05-01 21:55:59.5625 Manager  001 (AppManagerComponent.cs:58) dotnet App.dll --appId=3 --appType=DB --config=../Config/StartConfig/JuAnServer
2018-05-01 21:55:59.5661 Manager  001 (AppManagerComponent.cs:58) dotnet App.dll --appId=4 --appType=Gate --config=../Config/StartConfig/JuAnServer
2018-05-01 21:55:59.5700 Manager  001 (AppManagerComponent.cs:58) dotnet App.dll --appId=5 --appType=Location --config=../Config/StartConfig/JuAnServer
2018-05-01 21:55:59.5740 Manager  001 (AppManagerComponent.cs:58) dotnet App.dll --appId=6 --appType=Map --config=../Config/StartConfig/JuAnServer
2018-05-01 21:57:05.4710 Manager  001 (Program.cs:43) server start........................ 1 Manager
2018-05-01 21:57:05.6140 Manager  001 (AppManagerComponent.cs:58) dotnet App.dll --appId=2 --appType=Realm --config=../Config/StartConfig/JuAnServer
2018-05-01 21:57:05.6246 Manager  001 (AppManagerComponent.cs:58) dotnet App.dll --appId=3 --appType=DB --config=../Config/StartConfig/JuAnServer
2018-05-01 21:57:05.6314 Manager  001 (AppManagerComponent.cs:58) dotnet App.dll --appId=4 --appType=Gate --config=../Config/StartConfig/JuAnServer
2018-05-01 21:57:05.6383 Manager  001 (AppManagerComponent.cs:58) dotnet App.dll --appId=5 --appType=Location --config=../Config/StartConfig/JuAnServer
2018-05-01 21:57:05.6449 Manager  001 (AppManagerComponent.cs:58) dotnet App.dll --appId=6 --appType=Map --config=../Config/StartConfig/JuAnServer
2018-05-01 22:12:23.5952 Manager  001 (Program.cs:43) server start........................ 1 Manager
2018-05-01 22:12:23.9509 Manager  001 (AppManagerComponent.cs:58) dotnet App.dll --appId=2 --appType=Realm --config=../Config/StartConfig/JuAnServer
2018-05-01 22:12:23.9669 Manager  001 (AppManagerComponent.cs:58) dotnet App.dll --appId=3 --appType=DB --config=../Config/StartConfig/JuAnServer
2018-05-01 22:12:23.9709 Manager  001 (AppManagerComponent.cs:58) dotnet App.dll --appId=4 --appType=Gate --config=../Config/StartConfig/JuAnServer
2018-05-01 22:12:23.9748 Manager  001 (AppManagerComponent.cs:58) dotnet App.dll --appId=5 --appType=Location --config=../Config/StartConfig/JuAnServer
2018-05-01 22:12:23.9835 Manager  001 (AppManagerComponent.cs:58) dotnet App.dll --appId=6 --appType=Map --config=../Config/StartConfig/JuAnServer
2018-05-01 22:15:32.4573 Manager  001 (Program.cs:43) server start........................ 1 Manager
2018-05-01 22:15:32.8355 Manager  001 (AppManagerComponent.cs:58) dotnet App.dll --appId=2 --appType=Realm --config=../Config/StartConfig/JuAnServer
2018-05-01 22:15:32.8507 Manager  001 (AppManagerComponent.cs:58) dotnet App.dll --appId=3 --appType=DB --config=../Config/StartConfig/JuAnServer
2018-05-01 22:15:32.8545 Manager  001 (AppManagerComponent.cs:58) dotnet App.dll --appId=4 --appType=Gate --config=../Config/StartConfig/JuAnServer
2018-05-01 22:15:32.8584 Manager  001 (AppManagerComponent.cs:58) dotnet App.dll --appId=5 --appType=Location --config=../Config/StartConfig/JuAnServer
2018-05-01 22:15:32.8631 Manager  001 (AppManagerComponent.cs:58) dotnet App.dll --appId=6 --appType=Map --config=../Config/StartConfig/JuAnServer
2018-05-01 22:16:57.4044 Manager  001 (Program.cs:43) server start........................ 1 Manager
2018-05-01 22:16:57.5499 Manager  001 (AppManagerComponent.cs:58) dotnet App.dll --appId=2 --appType=Realm --config=../Config/StartConfig/JuAnServer
2018-05-01 22:16:57.5615 Manager  001 (AppManagerComponent.cs:58) dotnet App.dll --appId=3 --appType=DB --config=../Config/StartConfig/JuAnServer
2018-05-01 22:16:57.5657 Manager  001 (AppManagerComponent.cs:58) dotnet App.dll --appId=4 --appType=Gate --config=../Config/StartConfig/JuAnServer
2018-05-01 22:16:57.5730 Manager  001 (AppManagerComponent.cs:58) dotnet App.dll --appId=5 --appType=Location --config=../Config/StartConfig/JuAnServer
2018-05-01 22:16:57.5800 Manager  001 (AppManagerComponent.cs:58) dotnet App.dll --appId=6 --appType=Map --config=../Config/StartConfig/JuAnServer
2018-05-01 22:18:03.4401 Manager  001 (Program.cs:43) server start........................ 1 Manager
2018-05-01 22:18:03.7493 Manager  001 (AppManagerComponent.cs:58) dotnet App.dll --appId=2 --appType=Realm --config=../Config/StartConfig/JuAnServer
2018-05-01 22:18:03.7655 Manager  001 (AppManagerComponent.cs:58) dotnet App.dll --appId=3 --appType=DB --config=../Config/StartConfig/JuAnServer
2018-05-01 22:18:03.7699 Manager  001 (AppManagerComponent.cs:58) dotnet App.dll --appId=4 --appType=Gate --config=../Config/StartConfig/JuAnServer
2018-05-01 22:18:03.7777 Manager  001 (AppManagerComponent.cs:58) dotnet App.dll --appId=5 --appType=Location --config=../Config/StartConfig/JuAnServer
2018-05-01 22:18:03.7825 Manager  001 (AppManagerComponent.cs:58) dotnet App.dll --appId=6 --appType=Map --config=../Config/StartConfig/JuAnServer
2018-05-01 22:19:04.7470 Manager  001 (Program.cs:43) server start........................ 1 Manager
2018-05-01 22:19:04.9579 Manager  001 (AppManagerComponent.cs:58) dotnet App.dll --appId=2 --appType=Realm --config=../Config/StartConfig/JuAnServer
2018-05-01 22:19:04.9755 Manager  001 (AppManagerComponent.cs:58) dotnet App.dll --appId=3 --appType=DB --config=../Config/StartConfig/JuAnServer
2018-05-01 22:19:04.9824 Manager  001 (AppManagerComponent.cs:58) dotnet App.dll --appId=4 --appType=Gate --config=../Config/StartConfig/JuAnServer
2018-05-01 22:19:04.9881 Manager  001 (AppManagerComponent.cs:58) dotnet App.dll --appId=5 --appType=Location --config=../Config/StartConfig/JuAnServer
2018-05-01 22:19:04.9960 Manager  001 (AppManagerComponent.cs:58) dotnet App.dll --appId=6 --appType=Map --config=../Config/StartConfig/JuAnServer
2018-05-01 22:22:52.8035 Manager  001 (Program.cs:43) server start........................ 1 Manager
2018-05-01 22:22:53.2083 Manager  001 (AppManagerComponent.cs:58) dotnet App.dll --appId=2 --appType=Realm --config=../Config/StartConfig/JuAnServer
2018-05-01 22:22:53.2287 Manager  001 (AppManagerComponent.cs:58) dotnet App.dll --appId=3 --appType=DB --config=../Config/StartConfig/JuAnServer
2018-05-01 22:22:53.2347 Manager  001 (AppManagerComponent.cs:58) dotnet App.dll --appId=4 --appType=Gate --config=../Config/StartConfig/JuAnServer
2018-05-01 22:22:53.2404 Manager  001 (AppManagerComponent.cs:58) dotnet App.dll --appId=5 --appType=Location --config=../Config/StartConfig/JuAnServer
2018-05-01 22:22:53.2468 Manager  001 (AppManagerComponent.cs:58) dotnet App.dll --appId=6 --appType=Map --config=../Config/StartConfig/JuAnServer
2018-05-01 22:25:30.0507 Manager  001 (Program.cs:43) server start........................ 1 Manager
2018-05-01 22:25:30.4021 Manager  001 (AppManagerComponent.cs:58) dotnet App.dll --appId=2 --appType=Realm --config=../Config/StartConfig/JuAnServer
2018-05-01 22:25:30.4171 Manager  001 (AppManagerComponent.cs:58) dotnet App.dll --appId=3 --appType=DB --config=../Config/StartConfig/JuAnServer
2018-05-01 22:25:30.4226 Manager  001 (AppManagerComponent.cs:58) dotnet App.dll --appId=4 --appType=Gate --config=../Config/StartConfig/JuAnServer
2018-05-01 22:25:30.4282 Manager  001 (AppManagerComponent.cs:58) dotnet App.dll --appId=5 --appType=Location --config=../Config/StartConfig/JuAnServer
2018-05-01 22:25:30.4341 Manager  001 (AppManagerComponent.cs:58) dotnet App.dll --appId=6 --appType=Map --config=../Config/StartConfig/JuAnServer
2018-05-01 22:27:06.1213 Manager  001 (Program.cs:43) server start........................ 1 Manager
2018-05-01 22:27:06.2590 Manager  001 (AppManagerComponent.cs:58) dotnet App.dll --appId=2 --appType=Realm --config=../Config/StartConfig/JuAnServer
2018-05-01 22:27:06.2695 Manager  001 (AppManagerComponent.cs:58) dotnet App.dll --appId=3 --appType=DB --config=../Config/StartConfig/JuAnServer
2018-05-01 22:27:06.2761 Manager  001 (AppManagerComponent.cs:58) dotnet App.dll --appId=4 --appType=Gate --config=../Config/StartConfig/JuAnServer
2018-05-01 22:27:06.2811 Manager  001 (AppManagerComponent.cs:58) dotnet App.dll --appId=5 --appType=Location --config=../Config/StartConfig/JuAnServer
2018-05-01 22:27:06.2856 Manager  001 (AppManagerComponent.cs:58) dotnet App.dll --appId=6 --appType=Map --config=../Config/StartConfig/JuAnServer
2018-05-01 22:33:49.3716 Manager  001 (Program.cs:43) server start........................ 1 Manager
2018-05-01 22:33:49.7423 Manager  001 (AppManagerComponent.cs:58) dotnet App.dll --appId=2 --appType=Realm --config=../Config/StartConfig/JuAnServer
2018-05-01 22:33:49.7572 Manager  001 (AppManagerComponent.cs:58) dotnet App.dll --appId=3 --appType=DB --config=../Config/StartConfig/JuAnServer
2018-05-01 22:33:49.7615 Manager  001 (AppManagerComponent.cs:58) dotnet App.dll --appId=4 --appType=Gate --config=../Config/StartConfig/JuAnServer
2018-05-01 22:33:49.7656 Manager  001 (AppManagerComponent.cs:58) dotnet App.dll --appId=5 --appType=Location --config=../Config/StartConfig/JuAnServer
2018-05-01 22:33:49.7720 Manager  001 (AppManagerComponent.cs:58) dotnet App.dll --appId=6 --appType=Map --config=../Config/StartConfig/JuAnServer
2018-05-01 22:34:24.6827 Manager  001 (Program.cs:43) server start........................ 1 Manager
2018-05-01 22:34:24.8476 Manager  001 (AppManagerComponent.cs:58) dotnet App.dll --appId=2 --appType=Realm --config=../Config/StartConfig/JuAnServer
2018-05-01 22:34:24.8592 Manager  001 (AppManagerComponent.cs:58) dotnet App.dll --appId=3 --appType=DB --config=../Config/StartConfig/JuAnServer
2018-05-01 22:34:24.8635 Manager  001 (AppManagerComponent.cs:58) dotnet App.dll --appId=4 --appType=Gate --config=../Config/StartConfig/JuAnServer
2018-05-01 22:34:24.8678 Manager  001 (AppManagerComponent.cs:58) dotnet App.dll --appId=5 --appType=Location --config=../Config/StartConfig/JuAnServer
2018-05-01 22:34:24.8777 Manager  001 (AppManagerComponent.cs:58) dotnet App.dll --appId=6 --appType=Map --config=../Config/StartConfig/JuAnServer
2018-05-01 23:05:41.2463 Manager  001 (Program.cs:43) server start........................ 1 Manager
2018-05-01 23:05:41.5453 Manager  001 (AppManagerComponent.cs:58) dotnet App.dll --appId=2 --appType=Realm --config=../Config/StartConfig/JuAnServer
2018-05-01 23:05:41.5556 Manager  001 (AppManagerComponent.cs:58) dotnet App.dll --appId=3 --appType=DB --config=../Config/StartConfig/JuAnServer
2018-05-01 23:05:41.5603 Manager  001 (AppManagerComponent.cs:58) dotnet App.dll --appId=4 --appType=Gate --config=../Config/StartConfig/JuAnServer
2018-05-01 23:05:41.5643 Manager  001 (AppManagerComponent.cs:58) dotnet App.dll --appId=5 --appType=Location --config=../Config/StartConfig/JuAnServer
2018-05-01 23:05:41.5693 Manager  001 (AppManagerComponent.cs:58) dotnet App.dll --appId=6 --appType=Map --config=../Config/StartConfig/JuAnServer
