2018-05-03 10:40:04.2648 Manager  001 (Program.cs:43) server start........................ 1 Manager
2018-05-03 10:40:04.5990 Manager  001 (AppManagerComponent.cs:58) dotnet App.dll --appId=2 --appType=Realm --config=../Config/StartConfig/JuAnServer
2018-05-03 10:40:04.6166 Manager  001 (AppManagerComponent.cs:58) dotnet App.dll --appId=3 --appType=DB --config=../Config/StartConfig/JuAnServer
2018-05-03 10:40:04.6206 Manager  001 (AppManagerComponent.cs:58) dotnet App.dll --appId=4 --appType=Gate --config=../Config/StartConfig/JuAnServer
2018-05-03 10:40:04.6250 Manager  001 (AppManagerComponent.cs:58) dotnet App.dll --appId=5 --appType=Location --config=../Config/StartConfig/JuAnServer
2018-05-03 10:40:04.6290 Manager  001 (AppManagerComponent.cs:58) dotnet App.dll --appId=6 --appType=Map --config=../Config/StartConfig/JuAnServer
2018-05-03 10:41:05.3153 Manager  001 (Program.cs:43) server start........................ 1 Manager
2018-05-03 10:41:05.4272 Manager  001 (AppManagerComponent.cs:58) dotnet App.dll --appId=2 --appType=Realm --config=../Config/StartConfig/JuAnServer
2018-05-03 10:41:05.4373 Manager  001 (AppManagerComponent.cs:58) dotnet App.dll --appId=3 --appType=DB --config=../Config/StartConfig/JuAnServer
2018-05-03 10:41:05.4413 Manager  001 (AppManagerComponent.cs:58) dotnet App.dll --appId=4 --appType=Gate --config=../Config/StartConfig/JuAnServer
2018-05-03 10:41:05.4448 Manager  001 (AppManagerComponent.cs:58) dotnet App.dll --appId=5 --appType=Location --config=../Config/StartConfig/JuAnServer
2018-05-03 10:41:05.4491 Manager  001 (AppManagerComponent.cs:58) dotnet App.dll --appId=6 --appType=Map --config=../Config/StartConfig/JuAnServer
2018-05-03 10:42:34.5164 Manager  001 (Program.cs:43) server start........................ 1 Manager
2018-05-03 10:42:34.7802 Manager  001 (AppManagerComponent.cs:58) dotnet App.dll --appId=2 --appType=Realm --config=../Config/StartConfig/JuAnServer
2018-05-03 10:42:34.7939 Manager  001 (AppManagerComponent.cs:58) dotnet App.dll --appId=3 --appType=DB --config=../Config/StartConfig/JuAnServer
2018-05-03 10:42:34.7977 Manager  001 (AppManagerComponent.cs:58) dotnet App.dll --appId=4 --appType=Gate --config=../Config/StartConfig/JuAnServer
2018-05-03 10:42:34.8016 Manager  001 (AppManagerComponent.cs:58) dotnet App.dll --appId=5 --appType=Location --config=../Config/StartConfig/JuAnServer
2018-05-03 10:42:34.8060 Manager  001 (AppManagerComponent.cs:58) dotnet App.dll --appId=6 --appType=Map --config=../Config/StartConfig/JuAnServer
2018-05-03 10:46:32.1003 Manager  001 (Program.cs:43) server start........................ 1 Manager
2018-05-03 10:46:32.3612 Manager  001 (AppManagerComponent.cs:58) dotnet App.dll --appId=2 --appType=Realm --config=../Config/StartConfig/JuAnServer
2018-05-03 10:46:32.3735 Manager  001 (AppManagerComponent.cs:58) dotnet App.dll --appId=3 --appType=DB --config=../Config/StartConfig/JuAnServer
2018-05-03 10:46:32.3767 Manager  001 (AppManagerComponent.cs:58) dotnet App.dll --appId=4 --appType=Gate --config=../Config/StartConfig/JuAnServer
2018-05-03 10:46:32.3802 Manager  001 (AppManagerComponent.cs:58) dotnet App.dll --appId=5 --appType=Location --config=../Config/StartConfig/JuAnServer
2018-05-03 10:46:32.3837 Manager  001 (AppManagerComponent.cs:58) dotnet App.dll --appId=6 --appType=Map --config=../Config/StartConfig/JuAnServer
