2018-04-27 15:39:41.8777 Manager  001 (Program.cs:43) server start........................ 1 Manager
2018-04-27 15:39:42.1546 Manager  001 (AppManagerComponent.cs:58) dotnet App.dll --appId=2 --appType=Realm --config=../Config/StartConfig/JuAnServer
2018-04-27 15:39:42.1618 Manager  001 (AppManagerComponent.cs:58) dotnet App.dll --appId=3 --appType=DB --config=../Config/StartConfig/JuAnServer
2018-04-27 15:39:42.1657 Manager  001 (AppManagerComponent.cs:58) dotnet App.dll --appId=4 --appType=Gate --config=../Config/StartConfig/JuAnServer
2018-04-27 15:39:42.1693 Manager  001 (AppManagerComponent.cs:58) dotnet App.dll --appId=5 --appType=Location --config=../Config/StartConfig/JuAnServer
2018-04-27 15:39:42.1745 Manager  001 (AppManagerComponent.cs:58) dotnet App.dll --appId=6 --appType=Map --config=../Config/StartConfig/JuAnServer
2018-04-27 15:41:24.8312 Manager  001 (Program.cs:43) server start........................ 1 Manager
2018-04-27 15:41:24.9529 Manager  001 (AppManagerComponent.cs:58) dotnet App.dll --appId=2 --appType=Realm --config=../Config/StartConfig/JuAnServer
2018-04-27 15:41:24.9629 Manager  001 (AppManagerComponent.cs:58) dotnet App.dll --appId=3 --appType=DB --config=../Config/StartConfig/JuAnServer
2018-04-27 15:41:24.9678 Manager  001 (AppManagerComponent.cs:58) dotnet App.dll --appId=4 --appType=Gate --config=../Config/StartConfig/JuAnServer
2018-04-27 15:41:24.9727 Manager  001 (AppManagerComponent.cs:58) dotnet App.dll --appId=5 --appType=Location --config=../Config/StartConfig/JuAnServer
2018-04-27 15:41:24.9780 Manager  001 (AppManagerComponent.cs:58) dotnet App.dll --appId=6 --appType=Map --config=../Config/StartConfig/JuAnServer
2018-04-27 15:46:32.8758 Manager  001 (Program.cs:43) server start........................ 1 Manager
2018-04-27 15:46:33.1610 Manager  001 (AppManagerComponent.cs:58) dotnet App.dll --appId=2 --appType=Realm --config=../Config/StartConfig/JuAnServer
2018-04-27 15:46:33.1745 Manager  001 (AppManagerComponent.cs:58) dotnet App.dll --appId=3 --appType=DB --config=../Config/StartConfig/JuAnServer
2018-04-27 15:46:33.1782 Manager  001 (AppManagerComponent.cs:58) dotnet App.dll --appId=4 --appType=Gate --config=../Config/StartConfig/JuAnServer
2018-04-27 15:46:33.1823 Manager  001 (AppManagerComponent.cs:58) dotnet App.dll --appId=5 --appType=Location --config=../Config/StartConfig/JuAnServer
2018-04-27 15:46:33.1866 Manager  001 (AppManagerComponent.cs:58) dotnet App.dll --appId=6 --appType=Map --config=../Config/StartConfig/JuAnServer
2018-04-27 16:02:13.2494 Manager  001 (Program.cs:43) server start........................ 1 Manager
2018-04-27 16:02:13.4875 Manager  001 (AppManagerComponent.cs:58) dotnet App.dll --appId=2 --appType=Realm --config=../Config/StartConfig/JuAnServer
2018-04-27 16:02:13.4948 Manager  001 (AppManagerComponent.cs:58) dotnet App.dll --appId=3 --appType=DB --config=../Config/StartConfig/JuAnServer
2018-04-27 16:02:13.4990 Manager  001 (AppManagerComponent.cs:58) dotnet App.dll --appId=4 --appType=Gate --config=../Config/StartConfig/JuAnServer
2018-04-27 16:02:13.5026 Manager  001 (AppManagerComponent.cs:58) dotnet App.dll --appId=5 --appType=Location --config=../Config/StartConfig/JuAnServer
2018-04-27 16:02:13.5069 Manager  001 (AppManagerComponent.cs:58) dotnet App.dll --appId=6 --appType=Map --config=../Config/StartConfig/JuAnServer
