2018-04-28 18:17:52.8236 Manager  001 (Program.cs:43) server start........................ 1 Manager
2018-04-28 18:17:53.1393 Manager  001 (AppManagerComponent.cs:58) dotnet App.dll --appId=2 --appType=Realm --config=../Config/StartConfig/JuAnServer
2018-04-28 18:17:53.1483 Manager  001 (AppManagerComponent.cs:58) dotnet App.dll --appId=3 --appType=DB --config=../Config/StartConfig/JuAnServer
2018-04-28 18:17:53.1521 Manager  001 (AppManagerComponent.cs:58) dotnet App.dll --appId=4 --appType=Gate --config=../Config/StartConfig/JuAnServer
2018-04-28 18:17:53.1563 Manager  001 (AppManagerComponent.cs:58) dotnet App.dll --appId=5 --appType=Location --config=../Config/StartConfig/JuAnServer
2018-04-28 18:17:53.1609 Manager  001 (AppManagerComponent.cs:58) dotnet App.dll --appId=6 --appType=Map --config=../Config/StartConfig/JuAnServer
2018-04-28 18:20:25.7172 Manager  001 (Program.cs:43) server start........................ 1 Manager
2018-04-28 18:20:25.9715 Manager  001 (AppManagerComponent.cs:58) dotnet App.dll --appId=2 --appType=Realm --config=../Config/StartConfig/JuAnServer
2018-04-28 18:20:25.9848 Manager  001 (AppManagerComponent.cs:58) dotnet App.dll --appId=3 --appType=DB --config=../Config/StartConfig/JuAnServer
2018-04-28 18:20:25.9889 Manager  001 (AppManagerComponent.cs:58) dotnet App.dll --appId=4 --appType=Gate --config=../Config/StartConfig/JuAnServer
2018-04-28 18:20:25.9933 Manager  001 (AppManagerComponent.cs:58) dotnet App.dll --appId=5 --appType=Location --config=../Config/StartConfig/JuAnServer
2018-04-28 18:20:25.9981 Manager  001 (AppManagerComponent.cs:58) dotnet App.dll --appId=6 --appType=Map --config=../Config/StartConfig/JuAnServer
2018-04-28 18:22:04.1584 Manager  001 (Program.cs:43) server start........................ 1 Manager
2018-04-28 18:22:04.2820 Manager  001 (AppManagerComponent.cs:58) dotnet App.dll --appId=2 --appType=Realm --config=../Config/StartConfig/JuAnServer
2018-04-28 18:22:04.2937 Manager  001 (AppManagerComponent.cs:58) dotnet App.dll --appId=3 --appType=DB --config=../Config/StartConfig/JuAnServer
2018-04-28 18:22:04.2985 Manager  001 (AppManagerComponent.cs:58) dotnet App.dll --appId=4 --appType=Gate --config=../Config/StartConfig/JuAnServer
2018-04-28 18:22:04.3029 Manager  001 (AppManagerComponent.cs:58) dotnet App.dll --appId=5 --appType=Location --config=../Config/StartConfig/JuAnServer
2018-04-28 18:22:04.3080 Manager  001 (AppManagerComponent.cs:58) dotnet App.dll --appId=6 --appType=Map --config=../Config/StartConfig/JuAnServer
2018-04-28 18:26:55.0644 Manager  001 (Program.cs:43) server start........................ 1 Manager
2018-04-28 18:26:55.3742 Manager  001 (AppManagerComponent.cs:58) dotnet App.dll --appId=2 --appType=Realm --config=../Config/StartConfig/JuAnServer
2018-04-28 18:26:55.3874 Manager  001 (AppManagerComponent.cs:58) dotnet App.dll --appId=3 --appType=DB --config=../Config/StartConfig/JuAnServer
2018-04-28 18:26:55.3910 Manager  001 (AppManagerComponent.cs:58) dotnet App.dll --appId=4 --appType=Gate --config=../Config/StartConfig/JuAnServer
2018-04-28 18:26:55.3949 Manager  001 (AppManagerComponent.cs:58) dotnet App.dll --appId=5 --appType=Location --config=../Config/StartConfig/JuAnServer
2018-04-28 18:26:55.3992 Manager  001 (AppManagerComponent.cs:58) dotnet App.dll --appId=6 --appType=Map --config=../Config/StartConfig/JuAnServer
2018-04-28 18:28:08.3083 Manager  001 (Program.cs:43) server start........................ 1 Manager
2018-04-28 18:28:08.4096 Manager  001 (AppManagerComponent.cs:58) dotnet App.dll --appId=2 --appType=Realm --config=../Config/StartConfig/JuAnServer
2018-04-28 18:28:08.4198 Manager  001 (AppManagerComponent.cs:58) dotnet App.dll --appId=3 --appType=DB --config=../Config/StartConfig/JuAnServer
2018-04-28 18:28:08.4235 Manager  001 (AppManagerComponent.cs:58) dotnet App.dll --appId=4 --appType=Gate --config=../Config/StartConfig/JuAnServer
2018-04-28 18:28:08.4277 Manager  001 (AppManagerComponent.cs:58) dotnet App.dll --appId=5 --appType=Location --config=../Config/StartConfig/JuAnServer
2018-04-28 18:28:08.4321 Manager  001 (AppManagerComponent.cs:58) dotnet App.dll --appId=6 --appType=Map --config=../Config/StartConfig/JuAnServer
2018-04-28 18:29:00.2224 Manager  001 (Program.cs:43) server start........................ 1 Manager
2018-04-28 18:29:00.4971 Manager  001 (AppManagerComponent.cs:58) dotnet App.dll --appId=2 --appType=Realm --config=../Config/StartConfig/JuAnServer
2018-04-28 18:29:00.5098 Manager  001 (AppManagerComponent.cs:58) dotnet App.dll --appId=3 --appType=DB --config=../Config/StartConfig/JuAnServer
2018-04-28 18:29:00.5135 Manager  001 (AppManagerComponent.cs:58) dotnet App.dll --appId=4 --appType=Gate --config=../Config/StartConfig/JuAnServer
2018-04-28 18:29:00.5180 Manager  001 (AppManagerComponent.cs:58) dotnet App.dll --appId=5 --appType=Location --config=../Config/StartConfig/JuAnServer
2018-04-28 18:29:00.5225 Manager  001 (AppManagerComponent.cs:58) dotnet App.dll --appId=6 --appType=Map --config=../Config/StartConfig/JuAnServer
2018-04-28 18:38:10.3329 Manager  001 (Program.cs:43) server start........................ 1 Manager
2018-04-28 18:38:10.6575 Manager  001 (AppManagerComponent.cs:58) dotnet App.dll --appId=2 --appType=Realm --config=../Config/StartConfig/JuAnServer
2018-04-28 18:38:10.6724 Manager  001 (AppManagerComponent.cs:58) dotnet App.dll --appId=3 --appType=DB --config=../Config/StartConfig/JuAnServer
2018-04-28 18:38:10.6772 Manager  001 (AppManagerComponent.cs:58) dotnet App.dll --appId=4 --appType=Gate --config=../Config/StartConfig/JuAnServer
2018-04-28 18:38:10.6818 Manager  001 (AppManagerComponent.cs:58) dotnet App.dll --appId=5 --appType=Location --config=../Config/StartConfig/JuAnServer
2018-04-28 18:38:10.6865 Manager  001 (AppManagerComponent.cs:58) dotnet App.dll --appId=6 --appType=Map --config=../Config/StartConfig/JuAnServer
