2018-05-01 21:47:59.7695 Gate     004 System.Exception: 172.17.16.124:9103 ---> System.Net.Sockets.SocketException: Can't assign requested address
   at System.Net.Sockets.Socket.UpdateStatusAfterSocketErrorAndThrowException(SocketError error, String callerName)
   at System.Net.Sockets.Socket.DoBind(EndPoint endPointSnapshot, SocketAddress socketAddress)
   at System.Net.Sockets.Socket.Bind(EndPoint localEP)
   at System.Net.Sockets.TcpListener.Start(Int32 backlog)
   at System.Net.Sockets.TcpListener.Start()
   at ETModel.TService..ctor(IPEndPoint ipEndPoint) in /Users/sining/Projects/JuAnChess/LobbyGame/Unity/Assets/Scripts/Module/Message/Network/TCP/TService.cs:line 24
   at ETModel.NetworkComponent.Awake(NetworkProtocol protocol, IPEndPoint ipEndPoint) in /Users/sining/Projects/JuAnChess/LobbyGame/Unity/Assets/Scripts/Module/Message/NetworkComponent.cs:line 43
   --- End of inner exception stack trace ---
   at ETModel.NetworkComponent.Awake(NetworkProtocol protocol, IPEndPoint ipEndPoint) in /Users/sining/Projects/JuAnChess/LobbyGame/Unity/Assets/Scripts/Module/Message/NetworkComponent.cs:line 56
   at ETHotfix.NetInnerComponentEx.Awake(NetInnerComponent self, IPEndPoint ipEndPoint) in /Users/sining/Projects/JuAnChess/LobbyGame/Server/Hotfix/Module/Message/NetInnerComponentSystem.cs:line 45
   at ETHotfix.NetInnerComponentAwake1System.Awake(NetInnerComponent self, IPEndPoint a) in /Users/sining/Projects/JuAnChess/LobbyGame/Server/Hotfix/Module/Message/NetInnerComponentSystem.cs:line 20
   at ETModel.AwakeSystem`2.Run(Object o, A a) in /Users/sining/Projects/JuAnChess/LobbyGame/Unity/Assets/Scripts/Base/Object/IAwakeSystem.cs:line 54
   at ETModel.EventSystem.Awake[P1](Component component, P1 p1) in /Users/sining/Projects/JuAnChess/LobbyGame/Unity/Assets/Scripts/Base/Object/EventSystem.cs:line 248 
 Main at offset 2678 in file:line:column /Users/sining/Projects/JuAnChess/LobbyGame/Server/App/Program.cs:73:7
AddComponent<K,P1> at offset 620 in file:line:column /Users/sining/Projects/JuAnChess/LobbyGame/Unity/Assets/Scripts/Base/Object/Entity.cs:96:4
CreateWithParent<T,A> at offset 248 in file:line:column /Users/sining/Projects/JuAnChess/LobbyGame/Unity/Assets/Scripts/Base/Object/ComponentFactory.cs:27:4
Awake<P1> at offset 533 in file:line:column /Users/sining/Projects/JuAnChess/LobbyGame/Unity/Assets/Scripts/Base/Object/EventSystem.cs:248:6
Error at offset 106 in file:line:column /Users/sining/Projects/JuAnChess/LobbyGame/Server/Model/Base/Log.cs:31:4
Error at offset 102 in file:line:column /Users/sining/Projects/JuAnChess/LobbyGame/Server/Model/Base/Logger/NLogAdapter.cs:35:4

2018-05-01 21:47:59.7871 Gate     004 System.Exception: 172.17.16.124:9002 ---> System.Net.Sockets.SocketException: Can't assign requested address
   at System.Net.Sockets.Socket.UpdateStatusAfterSocketErrorAndThrowException(SocketError error, String callerName)
   at System.Net.Sockets.Socket.DoBind(EndPoint endPointSnapshot, SocketAddress socketAddress)
   at System.Net.Sockets.Socket.Bind(EndPoint localEP)
   at System.Net.Sockets.TcpListener.Start(Int32 backlog)
   at System.Net.Sockets.TcpListener.Start()
   at ETModel.TService..ctor(IPEndPoint ipEndPoint) in /Users/sining/Projects/JuAnChess/LobbyGame/Unity/Assets/Scripts/Module/Message/Network/TCP/TService.cs:line 24
   at ETModel.NetworkComponent.Awake(NetworkProtocol protocol, IPEndPoint ipEndPoint) in /Users/sining/Projects/JuAnChess/LobbyGame/Unity/Assets/Scripts/Module/Message/NetworkComponent.cs:line 43
   --- End of inner exception stack trace ---
   at ETModel.NetworkComponent.Awake(NetworkProtocol protocol, IPEndPoint ipEndPoint) in /Users/sining/Projects/JuAnChess/LobbyGame/Unity/Assets/Scripts/Module/Message/NetworkComponent.cs:line 56
   at ETHotfix.NetOuterComponentEx.Awake(NetOuterComponent self, IPEndPoint ipEndPoint) in /Users/sining/Projects/JuAnChess/LobbyGame/Server/Hotfix/Module/Message/NetOuterComponentSystem.cs:line 44
   at ETHotfix.NetOuterComponentAwake1System.Awake(NetOuterComponent self, IPEndPoint a) in /Users/sining/Projects/JuAnChess/LobbyGame/Server/Hotfix/Module/Message/NetOuterComponentSystem.cs:line 20
   at ETModel.AwakeSystem`2.Run(Object o, A a) in /Users/sining/Projects/JuAnChess/LobbyGame/Unity/Assets/Scripts/Base/Object/IAwakeSystem.cs:line 54
   at ETModel.EventSystem.Awake[P1](Component component, P1 p1) in /Users/sining/Projects/JuAnChess/LobbyGame/Unity/Assets/Scripts/Base/Object/EventSystem.cs:line 248 
 Main at offset 2747 in file:line:column /Users/sining/Projects/JuAnChess/LobbyGame/Server/App/Program.cs:74:7
AddComponent<K,P1> at offset 620 in file:line:column /Users/sining/Projects/JuAnChess/LobbyGame/Unity/Assets/Scripts/Base/Object/Entity.cs:96:4
CreateWithParent<T,A> at offset 248 in file:line:column /Users/sining/Projects/JuAnChess/LobbyGame/Unity/Assets/Scripts/Base/Object/ComponentFactory.cs:27:4
Awake<P1> at offset 533 in file:line:column /Users/sining/Projects/JuAnChess/LobbyGame/Unity/Assets/Scripts/Base/Object/EventSystem.cs:248:6
Error at offset 106 in file:line:column /Users/sining/Projects/JuAnChess/LobbyGame/Server/Model/Base/Log.cs:31:4
Error at offset 102 in file:line:column /Users/sining/Projects/JuAnChess/LobbyGame/Server/Model/Base/Logger/NLogAdapter.cs:35:4

2018-05-01 21:49:05.4993 Gate     004 System.NullReferenceException: Object reference not set to an instance of an object.
   at ETHotfix.OuterMessageDispatcher.<Dispatch>d__0.MoveNext() in /Users/sining/Projects/JuAnChess/LobbyGame/Server/Hotfix/Module/Message/OuterMessageDispatcher.cs:line 36
--- End of stack trace from previous location where exception was thrown ---
   at System.Runtime.ExceptionServices.ExceptionDispatchInfo.Throw()
   at ETModel.OneThreadSynchronizationContext.<>c__DisplayClass3_0.<Post>b__0() in /Users/sining/Projects/JuAnChess/LobbyGame/Unity/Assets/Scripts/Base/OneThreadSynchronizationContext.cs:line 32
   at ETModel.OneThreadSynchronizationContext.Update() in /Users/sining/Projects/JuAnChess/LobbyGame/Unity/Assets/Scripts/Base/OneThreadSynchronizationContext.cs:line 26
   at App.Program.Main(String[] args) in /Users/sining/Projects/JuAnChess/LobbyGame/Server/App/Program.cs:line 129 
 Main at offset 4638 in file:line:column /Users/sining/Projects/JuAnChess/LobbyGame/Server/App/Program.cs:129:7
Error at offset 106 in file:line:column /Users/sining/Projects/JuAnChess/LobbyGame/Server/Model/Base/Log.cs:31:4
Error at offset 102 in file:line:column /Users/sining/Projects/JuAnChess/LobbyGame/Server/Model/Base/Logger/NLogAdapter.cs:35:4

2018-05-01 21:50:58.7807 Gate     004 System.NullReferenceException: Object reference not set to an instance of an object.
   at ETHotfix.OuterMessageDispatcher.<Dispatch>d__0.MoveNext() in /Users/sining/Projects/JuAnChess/LobbyGame/Server/Hotfix/Module/Message/OuterMessageDispatcher.cs:line 36
--- End of stack trace from previous location where exception was thrown ---
   at System.Runtime.ExceptionServices.ExceptionDispatchInfo.Throw()
   at ETModel.OneThreadSynchronizationContext.<>c__DisplayClass3_0.<Post>b__0() in /Users/sining/Projects/JuAnChess/LobbyGame/Unity/Assets/Scripts/Base/OneThreadSynchronizationContext.cs:line 32
   at ETModel.OneThreadSynchronizationContext.Update() in /Users/sining/Projects/JuAnChess/LobbyGame/Unity/Assets/Scripts/Base/OneThreadSynchronizationContext.cs:line 26
   at App.Program.Main(String[] args) in /Users/sining/Projects/JuAnChess/LobbyGame/Server/App/Program.cs:line 129 
 Main at offset 4638 in file:line:column /Users/sining/Projects/JuAnChess/LobbyGame/Server/App/Program.cs:129:7
Error at offset 106 in file:line:column /Users/sining/Projects/JuAnChess/LobbyGame/Server/Model/Base/Log.cs:31:4
Error at offset 102 in file:line:column /Users/sining/Projects/JuAnChess/LobbyGame/Server/Model/Base/Logger/NLogAdapter.cs:35:4

2018-05-01 21:51:43.3849 Gate     004 System.NullReferenceException: Object reference not set to an instance of an object.
   at ETHotfix.OuterMessageDispatcher.<Dispatch>d__0.MoveNext() in /Users/sining/Projects/JuAnChess/LobbyGame/Server/Hotfix/Module/Message/OuterMessageDispatcher.cs:line 36
--- End of stack trace from previous location where exception was thrown ---
   at System.Runtime.ExceptionServices.ExceptionDispatchInfo.Throw()
   at ETModel.OneThreadSynchronizationContext.<>c__DisplayClass3_0.<Post>b__0() in /Users/sining/Projects/JuAnChess/LobbyGame/Unity/Assets/Scripts/Base/OneThreadSynchronizationContext.cs:line 32
   at ETModel.OneThreadSynchronizationContext.Update() in /Users/sining/Projects/JuAnChess/LobbyGame/Unity/Assets/Scripts/Base/OneThreadSynchronizationContext.cs:line 26
   at App.Program.Main(String[] args) in /Users/sining/Projects/JuAnChess/LobbyGame/Server/App/Program.cs:line 129 
 Main at offset 4638 in file:line:column /Users/sining/Projects/JuAnChess/LobbyGame/Server/App/Program.cs:129:7
Error at offset 106 in file:line:column /Users/sining/Projects/JuAnChess/LobbyGame/Server/Model/Base/Log.cs:31:4
Error at offset 102 in file:line:column /Users/sining/Projects/JuAnChess/LobbyGame/Server/Model/Base/Logger/NLogAdapter.cs:35:4

2018-05-01 21:54:00.8212 Gate     004 System.NullReferenceException: Object reference not set to an instance of an object.
   at ETHotfix.OuterMessageDispatcher.<Dispatch>d__0.MoveNext() in /Users/sining/Projects/JuAnChess/LobbyGame/Server/Hotfix/Module/Message/OuterMessageDispatcher.cs:line 36
--- End of stack trace from previous location where exception was thrown ---
   at System.Runtime.ExceptionServices.ExceptionDispatchInfo.Throw()
   at ETModel.OneThreadSynchronizationContext.<>c__DisplayClass3_0.<Post>b__0() in /Users/sining/Projects/JuAnChess/LobbyGame/Unity/Assets/Scripts/Base/OneThreadSynchronizationContext.cs:line 32
   at ETModel.OneThreadSynchronizationContext.Update() in /Users/sining/Projects/JuAnChess/LobbyGame/Unity/Assets/Scripts/Base/OneThreadSynchronizationContext.cs:line 26
   at App.Program.Main(String[] args) in /Users/sining/Projects/JuAnChess/LobbyGame/Server/App/Program.cs:line 129 
 Main at offset 4638 in file:line:column /Users/sining/Projects/JuAnChess/LobbyGame/Server/App/Program.cs:129:7
Error at offset 106 in file:line:column /Users/sining/Projects/JuAnChess/LobbyGame/Server/Model/Base/Log.cs:31:4
Error at offset 102 in file:line:column /Users/sining/Projects/JuAnChess/LobbyGame/Server/Model/Base/Logger/NLogAdapter.cs:35:4

2018-05-01 21:55:09.6052 Gate     004 System.NullReferenceException: Object reference not set to an instance of an object.
   at ETHotfix.OuterMessageDispatcher.<Dispatch>d__0.MoveNext() in /Users/sining/Projects/JuAnChess/LobbyGame/Server/Hotfix/Module/Message/OuterMessageDispatcher.cs:line 36
--- End of stack trace from previous location where exception was thrown ---
   at System.Runtime.ExceptionServices.ExceptionDispatchInfo.Throw()
   at ETModel.OneThreadSynchronizationContext.<>c__DisplayClass3_0.<Post>b__0() in /Users/sining/Projects/JuAnChess/LobbyGame/Unity/Assets/Scripts/Base/OneThreadSynchronizationContext.cs:line 32
   at ETModel.OneThreadSynchronizationContext.Update() in /Users/sining/Projects/JuAnChess/LobbyGame/Unity/Assets/Scripts/Base/OneThreadSynchronizationContext.cs:line 26
   at App.Program.Main(String[] args) in /Users/sining/Projects/JuAnChess/LobbyGame/Server/App/Program.cs:line 129 
 Main at offset 4638 in file:line:column /Users/sining/Projects/JuAnChess/LobbyGame/Server/App/Program.cs:129:7
Error at offset 106 in file:line:column /Users/sining/Projects/JuAnChess/LobbyGame/Server/Model/Base/Log.cs:31:4
Error at offset 102 in file:line:column /Users/sining/Projects/JuAnChess/LobbyGame/Server/Model/Base/Logger/NLogAdapter.cs:35:4

2018-05-01 21:56:11.4644 Gate     004 System.NullReferenceException: Object reference not set to an instance of an object.
   at ETHotfix.OuterMessageDispatcher.<Dispatch>d__0.MoveNext() in /Users/sining/Projects/JuAnChess/LobbyGame/Server/Hotfix/Module/Message/OuterMessageDispatcher.cs:line 36
--- End of stack trace from previous location where exception was thrown ---
   at System.Runtime.ExceptionServices.ExceptionDispatchInfo.Throw()
   at ETModel.OneThreadSynchronizationContext.<>c__DisplayClass3_0.<Post>b__0() in /Users/sining/Projects/JuAnChess/LobbyGame/Unity/Assets/Scripts/Base/OneThreadSynchronizationContext.cs:line 32
   at ETModel.OneThreadSynchronizationContext.Update() in /Users/sining/Projects/JuAnChess/LobbyGame/Unity/Assets/Scripts/Base/OneThreadSynchronizationContext.cs:line 26
   at App.Program.Main(String[] args) in /Users/sining/Projects/JuAnChess/LobbyGame/Server/App/Program.cs:line 129 
 Main at offset 4638 in file:line:column /Users/sining/Projects/JuAnChess/LobbyGame/Server/App/Program.cs:129:7
Error at offset 106 in file:line:column /Users/sining/Projects/JuAnChess/LobbyGame/Server/Model/Base/Log.cs:31:4
Error at offset 102 in file:line:column /Users/sining/Projects/JuAnChess/LobbyGame/Server/Model/Base/Logger/NLogAdapter.cs:35:4

2018-05-01 21:57:12.1651 Gate     004 System.NullReferenceException: Object reference not set to an instance of an object.
   at ETHotfix.OuterMessageDispatcher.<Dispatch>d__0.MoveNext() in /Users/sining/Projects/JuAnChess/LobbyGame/Server/Hotfix/Module/Message/OuterMessageDispatcher.cs:line 36
--- End of stack trace from previous location where exception was thrown ---
   at System.Runtime.ExceptionServices.ExceptionDispatchInfo.Throw()
   at ETModel.OneThreadSynchronizationContext.<>c__DisplayClass3_0.<Post>b__0() in /Users/sining/Projects/JuAnChess/LobbyGame/Unity/Assets/Scripts/Base/OneThreadSynchronizationContext.cs:line 32
   at ETModel.OneThreadSynchronizationContext.Update() in /Users/sining/Projects/JuAnChess/LobbyGame/Unity/Assets/Scripts/Base/OneThreadSynchronizationContext.cs:line 26
   at App.Program.Main(String[] args) in /Users/sining/Projects/JuAnChess/LobbyGame/Server/App/Program.cs:line 129 
 Main at offset 4638 in file:line:column /Users/sining/Projects/JuAnChess/LobbyGame/Server/App/Program.cs:129:7
Error at offset 106 in file:line:column /Users/sining/Projects/JuAnChess/LobbyGame/Server/Model/Base/Log.cs:31:4
Error at offset 102 in file:line:column /Users/sining/Projects/JuAnChess/LobbyGame/Server/Model/Base/Logger/NLogAdapter.cs:35:4

2018-05-01 22:12:35.7341 Gate     004 System.NullReferenceException: Object reference not set to an instance of an object.
   at ETHotfix.OuterMessageDispatcher.<Dispatch>d__0.MoveNext() in /Users/sining/Projects/JuAnChess/LobbyGame/Server/Hotfix/Module/Message/OuterMessageDispatcher.cs:line 36
--- End of stack trace from previous location where exception was thrown ---
   at System.Runtime.ExceptionServices.ExceptionDispatchInfo.Throw()
   at ETModel.OneThreadSynchronizationContext.<>c__DisplayClass3_0.<Post>b__0() in /Users/sining/Projects/JuAnChess/LobbyGame/Unity/Assets/Scripts/Base/OneThreadSynchronizationContext.cs:line 32
   at ETModel.OneThreadSynchronizationContext.Update() in /Users/sining/Projects/JuAnChess/LobbyGame/Unity/Assets/Scripts/Base/OneThreadSynchronizationContext.cs:line 26
   at App.Program.Main(String[] args) in /Users/sining/Projects/JuAnChess/LobbyGame/Server/App/Program.cs:line 129 
 Main at offset 4638 in file:line:column /Users/sining/Projects/JuAnChess/LobbyGame/Server/App/Program.cs:129:7
Error at offset 106 in file:line:column /Users/sining/Projects/JuAnChess/LobbyGame/Server/Model/Base/Log.cs:31:4
Error at offset 102 in file:line:column /Users/sining/Projects/JuAnChess/LobbyGame/Server/Model/Base/Logger/NLogAdapter.cs:35:4

