2018-05-03 10:40:04.2648 Manager  001 (Program.cs:43) server start........................ 1 Manager
2018-05-03 10:40:04.5990 Manager  001 (AppManagerComponent.cs:58) dotnet App.dll --appId=2 --appType=Realm --config=../Config/StartConfig/JuAnServer
2018-05-03 10:40:04.6166 Manager  001 (AppManagerComponent.cs:58) dotnet App.dll --appId=3 --appType=DB --config=../Config/StartConfig/JuAnServer
2018-05-03 10:40:04.6206 Manager  001 (AppManagerComponent.cs:58) dotnet App.dll --appId=4 --appType=Gate --config=../Config/StartConfig/JuAnServer
2018-05-03 10:40:04.6250 Manager  001 (AppManagerComponent.cs:58) dotnet App.dll --appId=5 --appType=Location --config=../Config/StartConfig/JuAnServer
2018-05-03 10:40:04.6290 Manager  001 (AppManagerComponent.cs:58) dotnet App.dll --appId=6 --appType=Map --config=../Config/StartConfig/JuAnServer
2018-05-03 10:40:05.4000 DB       003 (Program.cs:43) server start........................ 3 DB
2018-05-03 10:40:05.4098 Realm    002 (Program.cs:43) server start........................ 2 Realm
2018-05-03 10:40:05.4081 Gate     004 (Program.cs:43) server start........................ 4 Gate
2018-05-03 10:40:05.4118 Map      006 (Program.cs:43) server start........................ 6 Map
2018-05-03 10:40:05.4190 Location 005 (Program.cs:43) server start........................ 5 Location
2018-05-03 10:41:05.3153 Manager  001 (Program.cs:43) server start........................ 1 Manager
2018-05-03 10:41:05.4272 Manager  001 (AppManagerComponent.cs:58) dotnet App.dll --appId=2 --appType=Realm --config=../Config/StartConfig/JuAnServer
2018-05-03 10:41:05.4373 Manager  001 (AppManagerComponent.cs:58) dotnet App.dll --appId=3 --appType=DB --config=../Config/StartConfig/JuAnServer
2018-05-03 10:41:05.4413 Manager  001 (AppManagerComponent.cs:58) dotnet App.dll --appId=4 --appType=Gate --config=../Config/StartConfig/JuAnServer
2018-05-03 10:41:05.4448 Manager  001 (AppManagerComponent.cs:58) dotnet App.dll --appId=5 --appType=Location --config=../Config/StartConfig/JuAnServer
2018-05-03 10:41:05.4491 Manager  001 (AppManagerComponent.cs:58) dotnet App.dll --appId=6 --appType=Map --config=../Config/StartConfig/JuAnServer
2018-05-03 10:41:06.2120 Location 005 (Program.cs:43) server start........................ 5 Location
2018-05-03 10:41:06.2192 DB       003 (Program.cs:43) server start........................ 3 DB
2018-05-03 10:41:06.2234 Realm    002 (Program.cs:43) server start........................ 2 Realm
2018-05-03 10:41:06.2208 Map      006 (Program.cs:43) server start........................ 6 Map
2018-05-03 10:41:06.2352 Gate     004 (Program.cs:43) server start........................ 4 Gate
2018-05-03 10:41:20.3200 Map      006 (ActorManagerComponent.cs:14) add actor: 662864470409257 SPlayer
2018-05-03 10:41:20.3754 Location 005 (LocationComponent.cs:100) location add key: 662864470409257 appid: 6
2018-05-03 10:41:20.4254 Gate     004 (ActorManagerComponent.cs:14) add actor: 1225862968967216 Session
2018-05-03 10:41:20.4377 Location 005 (LocationComponent.cs:100) location add key: 1225862968967216 appid: 4
2018-05-03 10:41:20.5859 Location 005 (LocationComponent.cs:207) location get key: 662864470409257 6
2018-05-03 10:41:30.4625 Gate     004 (PingComponent.cs:37) 88888888888
2018-05-03 10:41:30.4784 Gate     004 (SessionGatePlayerComponent.cs:16) 有用户退出
2018-05-03 10:41:30.4839 Gate     004 (ActorManagerComponent.cs:25) remove actor: 1225862968967216 Session
2018-05-03 10:41:30.4871 Gate     004 (GatePlayerManageComponent.cs:81) 玩家数量 ：0
2018-05-03 10:41:30.4891 Map      006 (PlayerManageComponent.cs:104) 用户ID：662864470409257 延时10000毫秒后删除
2018-05-03 10:41:30.5009 Gate     004 (GatePlayerManageComponent.cs:81) 玩家数量 ：0
2018-05-03 10:41:40.4994 Map      006 (PlayerManageComponent.cs:110) 准备删除
2018-05-03 10:41:40.5107 Map      006 (ActorManagerComponent.cs:25) remove actor: 662864470409257 SPlayer
2018-05-03 10:41:40.5195 Location 005 (LocationComponent.cs:108) location remove key: 1225862968967216
2018-05-03 10:41:40.5347 Location 005 (LocationComponent.cs:108) location remove key: 662864470409257
2018-05-03 10:41:40.5423 Map      006 (PlayerManageComponent.cs:128) 删除成功
2018-05-03 10:42:34.5164 Manager  001 (Program.cs:43) server start........................ 1 Manager
2018-05-03 10:42:34.7802 Manager  001 (AppManagerComponent.cs:58) dotnet App.dll --appId=2 --appType=Realm --config=../Config/StartConfig/JuAnServer
2018-05-03 10:42:34.7939 Manager  001 (AppManagerComponent.cs:58) dotnet App.dll --appId=3 --appType=DB --config=../Config/StartConfig/JuAnServer
2018-05-03 10:42:34.7977 Manager  001 (AppManagerComponent.cs:58) dotnet App.dll --appId=4 --appType=Gate --config=../Config/StartConfig/JuAnServer
2018-05-03 10:42:34.8016 Manager  001 (AppManagerComponent.cs:58) dotnet App.dll --appId=5 --appType=Location --config=../Config/StartConfig/JuAnServer
2018-05-03 10:42:34.8060 Manager  001 (AppManagerComponent.cs:58) dotnet App.dll --appId=6 --appType=Map --config=../Config/StartConfig/JuAnServer
2018-05-03 10:42:35.6113 Location 005 (Program.cs:43) server start........................ 5 Location
2018-05-03 10:42:35.6289 Realm    002 (Program.cs:43) server start........................ 2 Realm
2018-05-03 10:42:35.6278 DB       003 (Program.cs:43) server start........................ 3 DB
2018-05-03 10:42:35.6287 Gate     004 (Program.cs:43) server start........................ 4 Gate
2018-05-03 10:42:35.6445 Map      006 (Program.cs:43) server start........................ 6 Map
2018-05-03 10:42:49.3132 Map      006 (ActorManagerComponent.cs:14) add actor: 662864470409257 SPlayer
2018-05-03 10:42:49.3623 Location 005 (LocationComponent.cs:100) location add key: 662864470409257 appid: 6
2018-05-03 10:42:49.4095 Gate     004 (ActorManagerComponent.cs:14) add actor: 1225862974799920 Session
2018-05-03 10:42:49.4205 Location 005 (LocationComponent.cs:100) location add key: 1225862974799920 appid: 4
2018-05-03 10:42:49.4633 Gate     004 (PingHandler.cs:19) 0000000000000000
2018-05-03 10:42:49.5302 Location 005 (LocationComponent.cs:207) location get key: 662864470409257 6
2018-05-03 10:42:53.5272 Gate     004 (PingHandler.cs:19) 0000000000000000
2018-05-03 10:42:57.5578 Gate     004 (PingHandler.cs:19) 0000000000000000
2018-05-03 10:42:59.4430 Gate     004 (PingComponent.cs:37) 88888888888
2018-05-03 10:42:59.4563 Gate     004 (SessionGatePlayerComponent.cs:16) 有用户退出
2018-05-03 10:42:59.4629 Gate     004 (ActorManagerComponent.cs:25) remove actor: 1225862974799920 Session
2018-05-03 10:42:59.4657 Gate     004 (GatePlayerManageComponent.cs:81) 玩家数量 ：0
2018-05-03 10:42:59.4673 Map      006 (PlayerManageComponent.cs:104) 用户ID：662864470409257 延时10000毫秒后删除
2018-05-03 10:42:59.4797 Gate     004 (GatePlayerManageComponent.cs:81) 玩家数量 ：0
2018-05-03 10:43:09.4751 Map      006 (PlayerManageComponent.cs:110) 准备删除
2018-05-03 10:43:09.4859 Map      006 (ActorManagerComponent.cs:25) remove actor: 662864470409257 SPlayer
2018-05-03 10:43:09.4944 Location 005 (LocationComponent.cs:108) location remove key: 1225862974799920
2018-05-03 10:43:09.5078 Location 005 (LocationComponent.cs:108) location remove key: 662864470409257
2018-05-03 10:43:09.5144 Map      006 (PlayerManageComponent.cs:128) 删除成功
2018-05-03 10:46:32.1003 Manager  001 (Program.cs:43) server start........................ 1 Manager
2018-05-03 10:46:32.3612 Manager  001 (AppManagerComponent.cs:58) dotnet App.dll --appId=2 --appType=Realm --config=../Config/StartConfig/JuAnServer
2018-05-03 10:46:32.3735 Manager  001 (AppManagerComponent.cs:58) dotnet App.dll --appId=3 --appType=DB --config=../Config/StartConfig/JuAnServer
2018-05-03 10:46:32.3767 Manager  001 (AppManagerComponent.cs:58) dotnet App.dll --appId=4 --appType=Gate --config=../Config/StartConfig/JuAnServer
2018-05-03 10:46:32.3802 Manager  001 (AppManagerComponent.cs:58) dotnet App.dll --appId=5 --appType=Location --config=../Config/StartConfig/JuAnServer
2018-05-03 10:46:32.3837 Manager  001 (AppManagerComponent.cs:58) dotnet App.dll --appId=6 --appType=Map --config=../Config/StartConfig/JuAnServer
2018-05-03 10:46:33.1638 Realm    002 (Program.cs:43) server start........................ 2 Realm
2018-05-03 10:46:33.1782 Map      006 (Program.cs:43) server start........................ 6 Map
2018-05-03 10:46:33.1762 Location 005 (Program.cs:43) server start........................ 5 Location
2018-05-03 10:46:33.1858 Gate     004 (Program.cs:43) server start........................ 4 Gate
2018-05-03 10:46:33.1911 DB       003 (Program.cs:43) server start........................ 3 DB
2018-05-03 10:46:41.8857 Map      006 (ActorManagerComponent.cs:14) add actor: 662864470409257 SPlayer
2018-05-03 10:46:41.9396 Location 005 (LocationComponent.cs:100) location add key: 662864470409257 appid: 6
2018-05-03 10:46:41.9834 Gate     004 (ActorManagerComponent.cs:14) add actor: 1225862990069807 Session
2018-05-03 10:46:41.9964 Location 005 (LocationComponent.cs:100) location add key: 1225862990069807 appid: 4
2018-05-03 10:46:42.1223 Location 005 (LocationComponent.cs:207) location get key: 662864470409257 6
2018-05-03 10:47:40.7922 Gate     004 (SessionGatePlayerComponent.cs:16) 有用户退出
2018-05-03 10:47:40.7985 Gate     004 (ActorManagerComponent.cs:25) remove actor: 1225862990069807 Session
2018-05-03 10:47:40.8025 Gate     004 (GatePlayerManageComponent.cs:81) 玩家数量 ：0
2018-05-03 10:47:40.8048 Map      006 (PlayerManageComponent.cs:104) 用户ID：662864470409257 延时10000毫秒后删除
2018-05-03 10:47:47.0742 Gate     004 (PingComponent.cs:37) 88888888888
2018-05-03 10:47:50.8137 Map      006 (PlayerManageComponent.cs:110) 准备删除
2018-05-03 10:47:50.8245 Map      006 (ActorManagerComponent.cs:25) remove actor: 662864470409257 SPlayer
2018-05-03 10:47:50.8339 Location 005 (LocationComponent.cs:108) location remove key: 1225862990069807
2018-05-03 10:47:50.8474 Location 005 (LocationComponent.cs:108) location remove key: 662864470409257
2018-05-03 10:47:50.8537 Map      006 (PlayerManageComponent.cs:128) 删除成功
