2018-05-07 20:03:43.3772 Map      006 (PlayerManageComponent.cs:57) 新创建：1
2018-05-07 20:03:47.3866 Map      006 (CreateRoomHandler.cs:21) 房间类型：NN
2018-05-07 20:03:47.3966 Map      006 (CreateRoomHandler.cs:29) 用户：662864470409257创建房间号：555482
2018-05-07 20:04:03.6911 Map      006 (PlayerManageComponent.cs:130) 用户ID：662864470409257 延时10000毫秒后删除
2018-05-07 20:04:13.7009 Map      006 (PlayerManageComponent.cs:136) 准备删除
2018-05-07 20:04:13.7047 Map      006 (PlayerManageComponent.cs:158) 用户ID：662864470409257撤销删除、因为用户登录了
2018-05-07 20:59:05.4063 Map      006 (PlayerManageComponent.cs:57) 新创建：1
2018-05-07 20:59:08.8347 Map      006 (CreateRoomHandler.cs:21) 房间类型：NN
2018-05-07 20:59:08.8468 Map      006 (CreateRoomHandler.cs:29) 用户：662864470409257创建房间号：792719
2018-05-07 20:59:11.7115 Map      006 (RoomListHandler.cs:29) 玩家ID：662864470409257
2018-05-07 20:59:11.7221 Map      006 (RoomListHandler.cs:31) 开始测试
2018-05-07 20:59:11.7283 Map      006 (RoomListHandler.cs:33) 792719
2018-05-07 20:59:11.7367 Map      006 (RoomListHandler.cs:35) 结束测试
2018-05-07 20:59:13.4237 Map      006 (RoomListHandler.cs:29) 玩家ID：662864470409257
2018-05-07 20:59:13.4350 Map      006 (RoomListHandler.cs:31) 开始测试
2018-05-07 20:59:13.4406 Map      006 (RoomListHandler.cs:33) 792719
2018-05-07 20:59:13.4458 Map      006 (RoomListHandler.cs:35) 结束测试
2018-05-07 20:59:15.1187 Map      006 (RoomListHandler.cs:29) 玩家ID：662864470409257
2018-05-07 20:59:15.1258 Map      006 (RoomListHandler.cs:31) 开始测试
2018-05-07 20:59:15.1389 Map      006 (RoomListHandler.cs:33) 792719
2018-05-07 20:59:15.1438 Map      006 (RoomListHandler.cs:35) 结束测试
2018-05-07 20:59:16.9539 Map      006 (CreateRoomHandler.cs:21) 房间类型：NN
2018-05-07 20:59:16.9619 Map      006 (CreateRoomHandler.cs:29) 用户：662864470409257创建房间号：796184
2018-05-07 20:59:19.4154 Map      006 (RoomListHandler.cs:29) 玩家ID：662864470409257
2018-05-07 20:59:19.4746 Map      006 (RoomListHandler.cs:31) 开始测试
2018-05-07 20:59:19.4790 Map      006 (RoomListHandler.cs:33) 792719
2018-05-07 20:59:19.4838 Map      006 (RoomListHandler.cs:33) 796184
2018-05-07 20:59:19.4890 Map      006 (RoomListHandler.cs:35) 结束测试
2018-05-07 20:59:21.1115 Map      006 (RoomListHandler.cs:29) 玩家ID：662864470409257
2018-05-07 20:59:21.1224 Map      006 (RoomListHandler.cs:31) 开始测试
2018-05-07 20:59:21.1278 Map      006 (RoomListHandler.cs:33) 792719
2018-05-07 20:59:21.1324 Map      006 (RoomListHandler.cs:33) 796184
2018-05-07 20:59:21.1364 Map      006 (RoomListHandler.cs:35) 结束测试
2018-05-07 20:59:22.7972 Map      006 (RoomListHandler.cs:29) 玩家ID：662864470409257
2018-05-07 20:59:22.8091 Map      006 (RoomListHandler.cs:31) 开始测试
2018-05-07 20:59:22.8152 Map      006 (RoomListHandler.cs:33) 792719
2018-05-07 20:59:22.8211 Map      006 (RoomListHandler.cs:33) 796184
2018-05-07 20:59:22.8259 Map      006 (RoomListHandler.cs:35) 结束测试
2018-05-07 20:59:24.5128 Map      006 (RoomListHandler.cs:29) 玩家ID：662864470409257
2018-05-07 20:59:24.5234 Map      006 (RoomListHandler.cs:31) 开始测试
2018-05-07 20:59:24.5296 Map      006 (RoomListHandler.cs:33) 792719
2018-05-07 20:59:24.5367 Map      006 (RoomListHandler.cs:33) 796184
2018-05-07 20:59:24.5413 Map      006 (RoomListHandler.cs:35) 结束测试
2018-05-07 20:59:24.9246 Map      006 (PlayerManageComponent.cs:130) 用户ID：662864470409257 延时10000毫秒后删除
2018-05-07 20:59:31.9594 Map      006 (PlayerManageComponent.cs:57) 新创建：2
2018-05-07 20:59:34.9332 Map      006 (PlayerManageComponent.cs:136) 准备删除
2018-05-07 20:59:34.9722 Map      006 (PlayerManageComponent.cs:154) 删除成功
2018-05-07 20:59:39.2311 Map      006 (CreateRoomHandler.cs:21) 房间类型：NN
2018-05-07 20:59:39.2380 Map      006 (CreateRoomHandler.cs:29) 用户：662938095648817创建房间号：858036
2018-05-07 20:59:41.4702 Map      006 (RoomListHandler.cs:29) 玩家ID：662938095648817
2018-05-07 20:59:41.4766 Map      006 (RoomListHandler.cs:31) 开始测试
2018-05-07 20:59:41.4809 Map      006 (RoomListHandler.cs:33) 858036
2018-05-07 20:59:41.4857 Map      006 (RoomListHandler.cs:35) 结束测试
2018-05-07 20:59:43.1646 Map      006 (RoomListHandler.cs:29) 玩家ID：662938095648817
2018-05-07 20:59:43.1745 Map      006 (RoomListHandler.cs:31) 开始测试
2018-05-07 20:59:43.1800 Map      006 (RoomListHandler.cs:33) 858036
2018-05-07 20:59:43.1846 Map      006 (RoomListHandler.cs:35) 结束测试
2018-05-07 20:59:44.8200 Map      006 (RoomListHandler.cs:29) 玩家ID：662938095648817
2018-05-07 20:59:44.8306 Map      006 (RoomListHandler.cs:31) 开始测试
2018-05-07 20:59:44.8352 Map      006 (RoomListHandler.cs:33) 858036
2018-05-07 20:59:44.8398 Map      006 (RoomListHandler.cs:35) 结束测试
2018-05-07 20:59:46.5090 Map      006 (RoomListHandler.cs:29) 玩家ID：662938095648817
2018-05-07 20:59:46.5189 Map      006 (RoomListHandler.cs:31) 开始测试
2018-05-07 20:59:46.5228 Map      006 (RoomListHandler.cs:33) 858036
2018-05-07 20:59:46.5272 Map      006 (RoomListHandler.cs:35) 结束测试
2018-05-07 20:59:47.8482 Map      006 (PlayerManageComponent.cs:130) 用户ID：662938095648817 延时10000毫秒后删除
2018-05-07 20:59:56.3468 Map      006 (PlayerManageComponent.cs:57) 新创建：2
2018-05-07 20:59:57.5339 Map      006 (RoomListHandler.cs:29) 玩家ID：662864470409257
2018-05-07 20:59:57.5399 Map      006 (RoomListHandler.cs:31) 开始测试
2018-05-07 20:59:57.5440 Map      006 (RoomListHandler.cs:33) 792719
2018-05-07 20:59:57.5480 Map      006 (RoomListHandler.cs:33) 796184
2018-05-07 20:59:57.5518 Map      006 (RoomListHandler.cs:35) 结束测试
2018-05-07 20:59:57.8566 Map      006 (PlayerManageComponent.cs:136) 准备删除
2018-05-07 20:59:57.8749 Map      006 (PlayerManageComponent.cs:154) 删除成功
2018-05-07 20:59:59.2685 Map      006 (RoomListHandler.cs:29) 玩家ID：662864470409257
2018-05-07 20:59:59.2797 Map      006 (RoomListHandler.cs:31) 开始测试
2018-05-07 20:59:59.2851 Map      006 (RoomListHandler.cs:33) 792719
2018-05-07 20:59:59.2905 Map      006 (RoomListHandler.cs:33) 796184
2018-05-07 20:59:59.2965 Map      006 (RoomListHandler.cs:35) 结束测试
2018-05-07 21:00:01.0047 Map      006 (RoomListHandler.cs:29) 玩家ID：662864470409257
2018-05-07 21:00:01.0096 Map      006 (RoomListHandler.cs:31) 开始测试
2018-05-07 21:00:01.0145 Map      006 (RoomListHandler.cs:33) 792719
2018-05-07 21:00:01.0193 Map      006 (RoomListHandler.cs:33) 796184
2018-05-07 21:00:01.0242 Map      006 (RoomListHandler.cs:35) 结束测试
2018-05-07 21:00:02.6835 Map      006 (RoomListHandler.cs:29) 玩家ID：662864470409257
2018-05-07 21:00:02.6930 Map      006 (RoomListHandler.cs:31) 开始测试
2018-05-07 21:00:02.6971 Map      006 (RoomListHandler.cs:33) 792719
2018-05-07 21:00:02.7016 Map      006 (RoomListHandler.cs:33) 796184
2018-05-07 21:00:02.7066 Map      006 (RoomListHandler.cs:35) 结束测试
2018-05-07 21:00:09.8934 Map      006 (RoomListHandler.cs:29) 玩家ID：662864470409257
2018-05-07 21:00:09.9041 Map      006 (RoomListHandler.cs:31) 开始测试
2018-05-07 21:00:09.9096 Map      006 (RoomListHandler.cs:33) 796184
2018-05-07 21:00:09.9171 Map      006 (RoomListHandler.cs:33) 792719
2018-05-07 21:00:09.9230 Map      006 (RoomListHandler.cs:35) 结束测试
2018-05-07 21:00:14.2454 Map      006 (RoomListHandler.cs:29) 玩家ID：662864470409257
2018-05-07 21:00:14.2500 Map      006 (RoomListHandler.cs:31) 开始测试
2018-05-07 21:00:14.2544 Map      006 (RoomListHandler.cs:33) 796184
2018-05-07 21:00:14.2586 Map      006 (RoomListHandler.cs:33) 792719
2018-05-07 21:00:14.2626 Map      006 (RoomListHandler.cs:35) 结束测试
2018-05-07 21:00:15.9394 Map      006 (RoomListHandler.cs:29) 玩家ID：662864470409257
2018-05-07 21:00:15.9494 Map      006 (RoomListHandler.cs:31) 开始测试
2018-05-07 21:00:15.9538 Map      006 (RoomListHandler.cs:33) 796184
2018-05-07 21:00:15.9590 Map      006 (RoomListHandler.cs:33) 792719
2018-05-07 21:00:15.9634 Map      006 (RoomListHandler.cs:35) 结束测试
2018-05-07 21:00:17.6325 Map      006 (RoomListHandler.cs:29) 玩家ID：662864470409257
2018-05-07 21:00:17.6427 Map      006 (RoomListHandler.cs:31) 开始测试
2018-05-07 21:00:17.6480 Map      006 (RoomListHandler.cs:33) 796184
2018-05-07 21:00:17.6529 Map      006 (RoomListHandler.cs:33) 792719
2018-05-07 21:00:17.6572 Map      006 (RoomListHandler.cs:35) 结束测试
2018-05-07 21:00:19.3342 Map      006 (RoomListHandler.cs:29) 玩家ID：662864470409257
2018-05-07 21:00:19.3445 Map      006 (RoomListHandler.cs:31) 开始测试
2018-05-07 21:00:19.3494 Map      006 (RoomListHandler.cs:33) 796184
2018-05-07 21:00:19.3565 Map      006 (RoomListHandler.cs:33) 792719
2018-05-07 21:00:19.3622 Map      006 (RoomListHandler.cs:35) 结束测试
2018-05-07 21:00:21.0507 Map      006 (RoomListHandler.cs:29) 玩家ID：662864470409257
2018-05-07 21:00:21.0573 Map      006 (RoomListHandler.cs:31) 开始测试
2018-05-07 21:00:21.0617 Map      006 (RoomListHandler.cs:33) 796184
2018-05-07 21:00:21.0678 Map      006 (RoomListHandler.cs:33) 792719
2018-05-07 21:00:21.0734 Map      006 (RoomListHandler.cs:35) 结束测试
2018-05-07 21:00:22.7793 Map      006 (RoomListHandler.cs:29) 玩家ID：662864470409257
2018-05-07 21:00:22.7894 Map      006 (RoomListHandler.cs:31) 开始测试
2018-05-07 21:00:22.7942 Map      006 (RoomListHandler.cs:33) 796184
2018-05-07 21:00:22.7987 Map      006 (RoomListHandler.cs:33) 792719
2018-05-07 21:00:22.8034 Map      006 (RoomListHandler.cs:35) 结束测试
2018-05-07 21:00:24.4814 Map      006 (RoomListHandler.cs:29) 玩家ID：662864470409257
2018-05-07 21:00:24.4906 Map      006 (RoomListHandler.cs:31) 开始测试
2018-05-07 21:00:24.4943 Map      006 (RoomListHandler.cs:33) 796184
2018-05-07 21:00:24.4982 Map      006 (RoomListHandler.cs:33) 792719
2018-05-07 21:00:24.5020 Map      006 (RoomListHandler.cs:35) 结束测试
2018-05-07 21:00:26.1671 Map      006 (RoomListHandler.cs:29) 玩家ID：662864470409257
2018-05-07 21:00:26.1772 Map      006 (RoomListHandler.cs:31) 开始测试
2018-05-07 21:00:26.1818 Map      006 (RoomListHandler.cs:33) 796184
2018-05-07 21:00:26.1866 Map      006 (RoomListHandler.cs:33) 792719
2018-05-07 21:00:26.1905 Map      006 (RoomListHandler.cs:35) 结束测试
2018-05-07 21:00:30.4059 Map      006 (RoomListHandler.cs:29) 玩家ID：662864470409257
2018-05-07 21:00:30.4159 Map      006 (RoomListHandler.cs:31) 开始测试
2018-05-07 21:00:30.4204 Map      006 (RoomListHandler.cs:33) 796184
2018-05-07 21:00:30.4251 Map      006 (RoomListHandler.cs:33) 792719
2018-05-07 21:00:30.4295 Map      006 (RoomListHandler.cs:35) 结束测试
2018-05-07 21:00:32.1141 Map      006 (RoomListHandler.cs:29) 玩家ID：662864470409257
2018-05-07 21:00:32.1223 Map      006 (RoomListHandler.cs:31) 开始测试
2018-05-07 21:00:32.1274 Map      006 (RoomListHandler.cs:33) 796184
2018-05-07 21:00:32.1322 Map      006 (RoomListHandler.cs:33) 792719
2018-05-07 21:00:32.1366 Map      006 (RoomListHandler.cs:35) 结束测试
2018-05-07 21:00:33.8028 Map      006 (RoomListHandler.cs:29) 玩家ID：662864470409257
2018-05-07 21:00:33.8130 Map      006 (RoomListHandler.cs:31) 开始测试
2018-05-07 21:00:33.8176 Map      006 (RoomListHandler.cs:33) 796184
2018-05-07 21:00:33.8231 Map      006 (RoomListHandler.cs:33) 792719
2018-05-07 21:00:33.8293 Map      006 (RoomListHandler.cs:35) 结束测试
2018-05-07 21:00:40.7905 Map      006 (PlayerManageComponent.cs:130) 用户ID：662864470409257 延时10000毫秒后删除
2018-05-07 21:00:50.8010 Map      006 (PlayerManageComponent.cs:136) 准备删除
2018-05-07 21:00:50.8166 Map      006 (PlayerManageComponent.cs:154) 删除成功
2018-05-07 21:00:51.0415 Map      006 (PlayerManageComponent.cs:57) 新创建：1
2018-05-07 21:00:56.7892 Map      006 (RoomListHandler.cs:29) 玩家ID：662864470409257
2018-05-07 21:00:56.7936 Map      006 (RoomListHandler.cs:31) 开始测试
2018-05-07 21:00:56.7981 Map      006 (RoomListHandler.cs:33) 858036
2018-05-07 21:00:56.8031 Map      006 (RoomListHandler.cs:33) 796184
2018-05-07 21:00:56.8116 Map      006 (RoomListHandler.cs:35) 结束测试
2018-05-07 21:00:58.5743 Map      006 (RoomListHandler.cs:29) 玩家ID：662864470409257
2018-05-07 21:00:58.5818 Map      006 (RoomListHandler.cs:31) 开始测试
2018-05-07 21:00:58.5865 Map      006 (RoomListHandler.cs:33) 858036
2018-05-07 21:00:58.5913 Map      006 (RoomListHandler.cs:33) 796184
2018-05-07 21:00:58.5961 Map      006 (RoomListHandler.cs:35) 结束测试
2018-05-07 21:01:00.2448 Map      006 (RoomListHandler.cs:29) 玩家ID：662864470409257
2018-05-07 21:01:00.2493 Map      006 (RoomListHandler.cs:31) 开始测试
2018-05-07 21:01:00.2540 Map      006 (RoomListHandler.cs:33) 858036
2018-05-07 21:01:00.2611 Map      006 (RoomListHandler.cs:33) 796184
2018-05-07 21:01:00.2659 Map      006 (RoomListHandler.cs:35) 结束测试
2018-05-07 21:01:10.8322 Map      006 (PlayerManageComponent.cs:130) 用户ID：662864470409257 延时10000毫秒后删除
2018-05-07 21:01:20.8426 Map      006 (PlayerManageComponent.cs:136) 准备删除
2018-05-07 21:01:20.8680 Map      006 (PlayerManageComponent.cs:154) 删除成功
2018-05-07 21:01:30.8543 Map      006 (PlayerManageComponent.cs:57) 新创建：1
2018-05-07 21:01:31.6593 Map      006 (RoomListHandler.cs:29) 玩家ID：662864470409257
2018-05-07 21:01:31.6641 Map      006 (RoomListHandler.cs:31) 开始测试
2018-05-07 21:01:31.6694 Map      006 (RoomListHandler.cs:33) 796184
2018-05-07 21:01:31.6763 Map      006 (RoomListHandler.cs:33) 792719
2018-05-07 21:01:31.6817 Map      006 (RoomListHandler.cs:35) 结束测试
2018-05-07 21:01:37.5820 Map      006 (RoomListHandler.cs:29) 玩家ID：662864470409257
2018-05-07 21:01:37.5936 Map      006 (RoomListHandler.cs:31) 开始测试
2018-05-07 21:01:37.5985 Map      006 (RoomListHandler.cs:33) 796184
2018-05-07 21:01:37.6036 Map      006 (RoomListHandler.cs:33) 792719
2018-05-07 21:01:37.6092 Map      006 (RoomListHandler.cs:35) 结束测试
2018-05-07 21:01:39.2335 Map      006 (RoomListHandler.cs:29) 玩家ID：662864470409257
2018-05-07 21:01:39.2444 Map      006 (RoomListHandler.cs:31) 开始测试
2018-05-07 21:01:39.2492 Map      006 (RoomListHandler.cs:33) 796184
2018-05-07 21:01:39.2546 Map      006 (RoomListHandler.cs:33) 792719
2018-05-07 21:01:39.2627 Map      006 (RoomListHandler.cs:35) 结束测试
2018-05-07 21:01:40.8646 Map      006 (RoomListHandler.cs:29) 玩家ID：662864470409257
2018-05-07 21:01:40.8758 Map      006 (RoomListHandler.cs:31) 开始测试
2018-05-07 21:01:40.8812 Map      006 (RoomListHandler.cs:33) 796184
2018-05-07 21:01:40.8865 Map      006 (RoomListHandler.cs:33) 792719
2018-05-07 21:01:40.8912 Map      006 (RoomListHandler.cs:35) 结束测试
2018-05-07 21:01:43.0836 Map      006 (RoomListHandler.cs:29) 玩家ID：662864470409257
2018-05-07 21:01:43.0951 Map      006 (RoomListHandler.cs:31) 开始测试
2018-05-07 21:01:43.1003 Map      006 (RoomListHandler.cs:33) 796184
2018-05-07 21:01:43.1068 Map      006 (RoomListHandler.cs:33) 792719
2018-05-07 21:01:43.1152 Map      006 (RoomListHandler.cs:35) 结束测试
2018-05-07 21:01:45.2269 Map      006 (RoomListHandler.cs:29) 玩家ID：662864470409257
2018-05-07 21:01:45.2378 Map      006 (RoomListHandler.cs:31) 开始测试
2018-05-07 21:01:45.2441 Map      006 (RoomListHandler.cs:33) 796184
2018-05-07 21:01:45.2510 Map      006 (RoomListHandler.cs:33) 792719
2018-05-07 21:01:45.2560 Map      006 (RoomListHandler.cs:35) 结束测试
2018-05-07 21:01:47.4555 Map      006 (RoomListHandler.cs:29) 玩家ID：662864470409257
2018-05-07 21:01:47.4656 Map      006 (RoomListHandler.cs:31) 开始测试
2018-05-07 21:01:47.4706 Map      006 (RoomListHandler.cs:33) 796184
2018-05-07 21:01:47.4754 Map      006 (RoomListHandler.cs:33) 792719
2018-05-07 21:01:47.4799 Map      006 (RoomListHandler.cs:35) 结束测试
2018-05-07 21:01:49.5749 Map      006 (RoomListHandler.cs:29) 玩家ID：662864470409257
2018-05-07 21:01:49.5850 Map      006 (RoomListHandler.cs:31) 开始测试
2018-05-07 21:01:49.5900 Map      006 (RoomListHandler.cs:33) 796184
2018-05-07 21:01:49.5963 Map      006 (RoomListHandler.cs:33) 792719
2018-05-07 21:01:49.6006 Map      006 (RoomListHandler.cs:35) 结束测试
2018-05-07 21:01:51.4280 Map      006 (RoomListHandler.cs:29) 玩家ID：662864470409257
2018-05-07 21:01:51.4389 Map      006 (RoomListHandler.cs:31) 开始测试
2018-05-07 21:01:51.4442 Map      006 (RoomListHandler.cs:33) 796184
2018-05-07 21:01:51.4491 Map      006 (RoomListHandler.cs:33) 792719
2018-05-07 21:01:51.4538 Map      006 (RoomListHandler.cs:35) 结束测试
2018-05-07 21:01:53.7301 Map      006 (RoomListHandler.cs:29) 玩家ID：662864470409257
2018-05-07 21:01:53.7402 Map      006 (RoomListHandler.cs:31) 开始测试
2018-05-07 21:01:53.7447 Map      006 (RoomListHandler.cs:33) 796184
2018-05-07 21:01:53.7493 Map      006 (RoomListHandler.cs:33) 792719
2018-05-07 21:01:53.7538 Map      006 (RoomListHandler.cs:35) 结束测试
2018-05-07 21:01:55.5820 Map      006 (RoomListHandler.cs:29) 玩家ID：662864470409257
2018-05-07 21:01:55.5930 Map      006 (RoomListHandler.cs:31) 开始测试
2018-05-07 21:01:55.5991 Map      006 (RoomListHandler.cs:33) 796184
2018-05-07 21:01:55.6042 Map      006 (RoomListHandler.cs:33) 792719
2018-05-07 21:01:55.6084 Map      006 (RoomListHandler.cs:35) 结束测试
2018-05-07 21:02:02.2452 Map      006 (RoomListHandler.cs:29) 玩家ID：662864470409257
2018-05-07 21:02:02.2517 Map      006 (RoomListHandler.cs:31) 开始测试
2018-05-07 21:02:02.2563 Map      006 (RoomListHandler.cs:33) 796184
2018-05-07 21:02:02.2609 Map      006 (RoomListHandler.cs:33) 792719
2018-05-07 21:02:02.2654 Map      006 (RoomListHandler.cs:35) 结束测试
2018-05-07 21:02:15.9150 Map      006 (PlayerManageComponent.cs:130) 用户ID：662864470409257 延时10000毫秒后删除
2018-05-07 21:02:25.9244 Map      006 (PlayerManageComponent.cs:136) 准备删除
2018-05-07 21:02:25.9463 Map      006 (PlayerManageComponent.cs:154) 删除成功
2018-05-07 21:03:30.0883 Map      006 (PlayerManageComponent.cs:57) 新创建：1
2018-05-07 21:03:31.1937 Map      006 (RoomListHandler.cs:29) 玩家ID：662908520103977
2018-05-07 21:03:31.2000 Map      006 (RoomListHandler.cs:31) 开始测试
2018-05-07 21:03:31.2039 Map      006 (RoomListHandler.cs:33) 858036
2018-05-07 21:03:31.2079 Map      006 (RoomListHandler.cs:33) 796184
2018-05-07 21:03:31.2119 Map      006 (RoomListHandler.cs:35) 结束测试
2018-05-07 21:03:32.9284 Map      006 (RoomListHandler.cs:29) 玩家ID：662908520103977
2018-05-07 21:03:32.9395 Map      006 (RoomListHandler.cs:31) 开始测试
2018-05-07 21:03:32.9450 Map      006 (RoomListHandler.cs:33) 858036
2018-05-07 21:03:32.9502 Map      006 (RoomListHandler.cs:33) 796184
2018-05-07 21:03:32.9549 Map      006 (RoomListHandler.cs:35) 结束测试
2018-05-07 21:03:34.6288 Map      006 (RoomListHandler.cs:29) 玩家ID：662908520103977
2018-05-07 21:03:34.6379 Map      006 (RoomListHandler.cs:31) 开始测试
2018-05-07 21:03:34.6425 Map      006 (RoomListHandler.cs:33) 858036
2018-05-07 21:03:34.6468 Map      006 (RoomListHandler.cs:33) 796184
2018-05-07 21:03:34.6533 Map      006 (RoomListHandler.cs:35) 结束测试
2018-05-07 21:03:36.3129 Map      006 (RoomListHandler.cs:29) 玩家ID：662908520103977
2018-05-07 21:03:36.3220 Map      006 (RoomListHandler.cs:31) 开始测试
2018-05-07 21:03:36.3257 Map      006 (RoomListHandler.cs:33) 858036
2018-05-07 21:03:36.3296 Map      006 (RoomListHandler.cs:33) 796184
2018-05-07 21:03:36.3336 Map      006 (RoomListHandler.cs:35) 结束测试
2018-05-07 21:03:37.9948 Map      006 (RoomListHandler.cs:29) 玩家ID：662908520103977
2018-05-07 21:03:38.0047 Map      006 (RoomListHandler.cs:31) 开始测试
2018-05-07 21:03:38.0095 Map      006 (RoomListHandler.cs:33) 858036
2018-05-07 21:03:38.0150 Map      006 (RoomListHandler.cs:33) 796184
2018-05-07 21:03:38.0218 Map      006 (RoomListHandler.cs:35) 结束测试
2018-05-07 21:03:46.0234 Map      006 (PlayerManageComponent.cs:130) 用户ID：662908520103977 延时10000毫秒后删除
2018-05-07 21:03:56.0345 Map      006 (PlayerManageComponent.cs:136) 准备删除
2018-05-07 21:03:56.0482 Map      006 (PlayerManageComponent.cs:154) 删除成功
2018-05-07 21:16:45.6280 Map      006 (PlayerManageComponent.cs:57) 新创建：1
2018-05-07 21:16:48.1698 Map      006 (PlayerManageComponent.cs:130) 用户ID：662908520103977 延时10000毫秒后删除
2018-05-07 21:16:55.0407 Map      006 (PlayerManageComponent.cs:57) 新创建：2
2018-05-07 21:16:58.1797 Map      006 (PlayerManageComponent.cs:136) 准备删除
2018-05-07 21:16:58.2145 Map      006 (PlayerManageComponent.cs:154) 删除成功
2018-05-07 21:16:58.5205 Map      006 (CreateRoomHandler.cs:21) 房间类型：NN
2018-05-07 21:16:58.5286 Map      006 (CreateRoomHandler.cs:29) 用户：662864470409257创建房间号：275524
2018-05-07 21:17:01.2240 Map      006 (RoomListHandler.cs:29) 玩家ID：662864470409257
2018-05-07 21:17:01.2348 Map      006 (RoomListHandler.cs:31) 开始测试
2018-05-07 21:17:01.2405 Map      006 (RoomListHandler.cs:33) 275524
2018-05-07 21:17:01.2454 Map      006 (RoomListHandler.cs:35) 结束测试
2018-05-07 21:17:02.9776 Map      006 (RoomListHandler.cs:29) 玩家ID：662864470409257
2018-05-07 21:17:02.9881 Map      006 (RoomListHandler.cs:31) 开始测试
2018-05-07 21:17:02.9929 Map      006 (RoomListHandler.cs:33) 275524
2018-05-07 21:17:02.9973 Map      006 (RoomListHandler.cs:35) 结束测试
2018-05-07 21:17:05.0578 Map      006 (CreateRoomHandler.cs:21) 房间类型：NN
2018-05-07 21:17:05.0634 Map      006 (CreateRoomHandler.cs:29) 用户：662864470409257创建房间号：801502
2018-05-07 21:17:07.0042 Map      006 (RoomListHandler.cs:29) 玩家ID：662864470409257
2018-05-07 21:17:07.0141 Map      006 (RoomListHandler.cs:31) 开始测试
2018-05-07 21:17:07.0186 Map      006 (RoomListHandler.cs:33) 275524
2018-05-07 21:17:07.0238 Map      006 (RoomListHandler.cs:33) 801502
2018-05-07 21:17:07.0279 Map      006 (RoomListHandler.cs:35) 结束测试
2018-05-07 21:17:08.9795 Map      006 (CreateRoomHandler.cs:21) 房间类型：NN
2018-05-07 21:17:08.9870 Map      006 (CreateRoomHandler.cs:29) 用户：662864470409257创建房间号：798742
2018-05-07 21:17:10.8242 Map      006 (RoomListHandler.cs:29) 玩家ID：662864470409257
2018-05-07 21:17:10.8357 Map      006 (RoomListHandler.cs:31) 开始测试
2018-05-07 21:17:10.8403 Map      006 (RoomListHandler.cs:33) 275524
2018-05-07 21:17:10.8446 Map      006 (RoomListHandler.cs:33) 801502
2018-05-07 21:17:10.8485 Map      006 (RoomListHandler.cs:33) 798742
2018-05-07 21:17:10.8522 Map      006 (RoomListHandler.cs:35) 结束测试
2018-05-07 21:17:12.5947 Map      006 (RoomListHandler.cs:29) 玩家ID：662864470409257
2018-05-07 21:17:12.6047 Map      006 (RoomListHandler.cs:31) 开始测试
2018-05-07 21:17:12.6106 Map      006 (RoomListHandler.cs:33) 275524
2018-05-07 21:17:12.6159 Map      006 (RoomListHandler.cs:33) 801502
2018-05-07 21:17:12.6205 Map      006 (RoomListHandler.cs:33) 798742
2018-05-07 21:17:12.6245 Map      006 (RoomListHandler.cs:35) 结束测试
2018-05-07 21:17:13.7917 Map      006 (PlayerManageComponent.cs:130) 用户ID：662864470409257 延时10000毫秒后删除
2018-05-07 21:17:19.9560 Map      006 (PlayerManageComponent.cs:57) 新创建：2
2018-05-07 21:17:23.8013 Map      006 (PlayerManageComponent.cs:136) 准备删除
2018-05-07 21:17:23.8220 Map      006 (PlayerManageComponent.cs:154) 删除成功
2018-05-07 21:17:24.7136 Map      006 (PlayerManageComponent.cs:130) 用户ID：662938095648817 延时10000毫秒后删除
2018-05-07 21:17:30.5045 Map      006 (PlayerManageComponent.cs:57) 新创建：2
2018-05-07 21:17:31.7250 Map      006 (RoomListHandler.cs:29) 玩家ID：662908520103977
2018-05-07 21:17:31.7380 Map      006 (RoomListHandler.cs:31) 开始测试
2018-05-07 21:17:31.7427 Map      006 (RoomListHandler.cs:33) 275524
2018-05-07 21:17:31.7470 Map      006 (RoomListHandler.cs:33) 801502
2018-05-07 21:17:31.7515 Map      006 (RoomListHandler.cs:33) 798742
2018-05-07 21:17:31.7560 Map      006 (RoomListHandler.cs:35) 结束测试
2018-05-07 21:17:33.5075 Map      006 (RoomListHandler.cs:29) 玩家ID：662908520103977
2018-05-07 21:17:33.5186 Map      006 (RoomListHandler.cs:31) 开始测试
2018-05-07 21:17:33.5237 Map      006 (RoomListHandler.cs:33) 275524
2018-05-07 21:17:33.5282 Map      006 (RoomListHandler.cs:33) 801502
2018-05-07 21:17:33.5325 Map      006 (RoomListHandler.cs:33) 798742
2018-05-07 21:17:33.5375 Map      006 (RoomListHandler.cs:35) 结束测试
2018-05-07 21:17:34.7235 Map      006 (PlayerManageComponent.cs:136) 准备删除
2018-05-07 21:17:34.7428 Map      006 (PlayerManageComponent.cs:154) 删除成功
2018-05-07 21:17:35.2261 Map      006 (RoomListHandler.cs:29) 玩家ID：662908520103977
2018-05-07 21:17:35.2379 Map      006 (RoomListHandler.cs:31) 开始测试
2018-05-07 21:17:35.2434 Map      006 (RoomListHandler.cs:33) 275524
2018-05-07 21:17:35.2486 Map      006 (RoomListHandler.cs:33) 801502
2018-05-07 21:17:35.2534 Map      006 (RoomListHandler.cs:33) 798742
2018-05-07 21:17:35.2582 Map      006 (RoomListHandler.cs:35) 结束测试
2018-05-07 21:17:36.9248 Map      006 (RoomListHandler.cs:29) 玩家ID：662908520103977
2018-05-07 21:17:36.9339 Map      006 (RoomListHandler.cs:31) 开始测试
2018-05-07 21:17:36.9385 Map      006 (RoomListHandler.cs:33) 275524
2018-05-07 21:17:36.9423 Map      006 (RoomListHandler.cs:33) 801502
2018-05-07 21:17:36.9460 Map      006 (RoomListHandler.cs:33) 798742
2018-05-07 21:17:36.9496 Map      006 (RoomListHandler.cs:35) 结束测试
2018-05-07 21:17:38.5919 Map      006 (RoomListHandler.cs:29) 玩家ID：662908520103977
2018-05-07 21:17:38.6021 Map      006 (RoomListHandler.cs:31) 开始测试
2018-05-07 21:17:38.6069 Map      006 (RoomListHandler.cs:33) 275524
2018-05-07 21:17:38.6114 Map      006 (RoomListHandler.cs:33) 801502
2018-05-07 21:17:38.6159 Map      006 (RoomListHandler.cs:33) 798742
2018-05-07 21:17:38.6205 Map      006 (RoomListHandler.cs:35) 结束测试
2018-05-07 21:17:40.3071 Map      006 (RoomListHandler.cs:29) 玩家ID：662908520103977
2018-05-07 21:17:40.3178 Map      006 (RoomListHandler.cs:31) 开始测试
2018-05-07 21:17:40.3228 Map      006 (RoomListHandler.cs:33) 275524
2018-05-07 21:17:40.3275 Map      006 (RoomListHandler.cs:33) 801502
2018-05-07 21:17:40.3324 Map      006 (RoomListHandler.cs:33) 798742
2018-05-07 21:17:40.3370 Map      006 (RoomListHandler.cs:35) 结束测试
2018-05-07 21:17:42.0252 Map      006 (RoomListHandler.cs:29) 玩家ID：662908520103977
2018-05-07 21:17:42.0292 Map      006 (RoomListHandler.cs:31) 开始测试
2018-05-07 21:17:42.0331 Map      006 (RoomListHandler.cs:33) 275524
2018-05-07 21:17:42.0375 Map      006 (RoomListHandler.cs:33) 801502
2018-05-07 21:17:42.0424 Map      006 (RoomListHandler.cs:33) 798742
2018-05-07 21:17:42.0476 Map      006 (RoomListHandler.cs:35) 结束测试
2018-05-07 21:17:43.7288 Map      006 (RoomListHandler.cs:29) 玩家ID：662908520103977
2018-05-07 21:17:43.7392 Map      006 (RoomListHandler.cs:31) 开始测试
2018-05-07 21:17:43.7439 Map      006 (RoomListHandler.cs:33) 275524
2018-05-07 21:17:43.7486 Map      006 (RoomListHandler.cs:33) 801502
2018-05-07 21:17:43.7528 Map      006 (RoomListHandler.cs:33) 798742
2018-05-07 21:17:43.7568 Map      006 (RoomListHandler.cs:35) 结束测试
2018-05-07 21:17:45.4245 Map      006 (RoomListHandler.cs:29) 玩家ID：662908520103977
2018-05-07 21:17:45.4352 Map      006 (RoomListHandler.cs:31) 开始测试
2018-05-07 21:17:45.4398 Map      006 (RoomListHandler.cs:33) 275524
2018-05-07 21:17:45.4450 Map      006 (RoomListHandler.cs:33) 801502
2018-05-07 21:17:45.4508 Map      006 (RoomListHandler.cs:33) 798742
2018-05-07 21:17:45.4552 Map      006 (RoomListHandler.cs:35) 结束测试
2018-05-07 21:17:47.1446 Map      006 (RoomListHandler.cs:29) 玩家ID：662908520103977
2018-05-07 21:17:47.1509 Map      006 (RoomListHandler.cs:31) 开始测试
2018-05-07 21:17:47.1551 Map      006 (RoomListHandler.cs:33) 275524
2018-05-07 21:17:47.1598 Map      006 (RoomListHandler.cs:33) 801502
2018-05-07 21:17:47.1644 Map      006 (RoomListHandler.cs:33) 798742
2018-05-07 21:17:47.1687 Map      006 (RoomListHandler.cs:35) 结束测试
2018-05-07 21:17:48.8397 Map      006 (RoomListHandler.cs:29) 玩家ID：662908520103977
2018-05-07 21:17:48.8487 Map      006 (RoomListHandler.cs:31) 开始测试
2018-05-07 21:17:48.8527 Map      006 (RoomListHandler.cs:33) 275524
2018-05-07 21:17:48.8579 Map      006 (RoomListHandler.cs:33) 801502
2018-05-07 21:17:48.8625 Map      006 (RoomListHandler.cs:33) 798742
2018-05-07 21:17:48.8676 Map      006 (RoomListHandler.cs:35) 结束测试
2018-05-07 21:17:50.5608 Map      006 (RoomListHandler.cs:29) 玩家ID：662908520103977
2018-05-07 21:17:50.5706 Map      006 (RoomListHandler.cs:31) 开始测试
2018-05-07 21:17:50.5749 Map      006 (RoomListHandler.cs:33) 275524
2018-05-07 21:17:50.5795 Map      006 (RoomListHandler.cs:33) 801502
2018-05-07 21:17:50.5844 Map      006 (RoomListHandler.cs:33) 798742
2018-05-07 21:17:50.5889 Map      006 (RoomListHandler.cs:35) 结束测试
2018-05-07 21:17:52.2620 Map      006 (RoomListHandler.cs:29) 玩家ID：662908520103977
2018-05-07 21:17:52.2733 Map      006 (RoomListHandler.cs:31) 开始测试
2018-05-07 21:17:52.2787 Map      006 (RoomListHandler.cs:33) 275524
2018-05-07 21:17:52.2838 Map      006 (RoomListHandler.cs:33) 801502
2018-05-07 21:17:52.2881 Map      006 (RoomListHandler.cs:33) 798742
2018-05-07 21:17:52.2927 Map      006 (RoomListHandler.cs:35) 结束测试
2018-05-07 21:17:53.9604 Map      006 (RoomListHandler.cs:29) 玩家ID：662908520103977
2018-05-07 21:17:53.9650 Map      006 (RoomListHandler.cs:31) 开始测试
2018-05-07 21:17:53.9700 Map      006 (RoomListHandler.cs:33) 275524
2018-05-07 21:17:53.9759 Map      006 (RoomListHandler.cs:33) 801502
2018-05-07 21:17:53.9812 Map      006 (RoomListHandler.cs:33) 798742
2018-05-07 21:17:53.9853 Map      006 (RoomListHandler.cs:35) 结束测试
2018-05-07 21:17:55.2758 Map      006 (PlayerManageComponent.cs:130) 用户ID：662908520103977 延时10000毫秒后删除
2018-05-07 21:18:05.2854 Map      006 (PlayerManageComponent.cs:136) 准备删除
2018-05-07 21:18:05.3094 Map      006 (PlayerManageComponent.cs:154) 删除成功
2018-05-07 21:19:08.5440 Map      006 (PlayerManageComponent.cs:57) 新创建：1
2018-05-07 21:19:11.5972 Map      006 (CreateRoomHandler.cs:21) 房间类型：NN
2018-05-07 21:19:11.6084 Map      006 (CreateRoomHandler.cs:29) 用户：662864470409257创建房间号：164005
2018-05-07 21:19:13.9537 Map      006 (RoomListHandler.cs:29) 玩家ID：662864470409257
2018-05-07 21:19:13.9599 Map      006 (RoomListHandler.cs:31) 开始测试
2018-05-07 21:19:13.9662 Map      006 (RoomListHandler.cs:33) 164005
2018-05-07 21:19:13.9758 Map      006 (RoomListHandler.cs:35) 结束测试
2018-05-07 21:19:15.7606 Map      006 (CreateRoomHandler.cs:21) 房间类型：NN
2018-05-07 21:19:15.7673 Map      006 (CreateRoomHandler.cs:29) 用户：662864470409257创建房间号：894563
2018-05-07 21:19:17.7384 Map      006 (RoomListHandler.cs:29) 玩家ID：662864470409257
2018-05-07 21:19:17.7489 Map      006 (RoomListHandler.cs:31) 开始测试
2018-05-07 21:19:17.7535 Map      006 (RoomListHandler.cs:33) 164005
2018-05-07 21:19:17.7592 Map      006 (RoomListHandler.cs:33) 894563
2018-05-07 21:19:17.7647 Map      006 (RoomListHandler.cs:35) 结束测试
2018-05-07 21:19:19.7423 Map      006 (CreateRoomHandler.cs:21) 房间类型：NN
2018-05-07 21:19:19.7560 Map      006 (CreateRoomHandler.cs:29) 用户：662864470409257创建房间号：853684
2018-05-07 21:19:21.6705 Map      006 (RoomListHandler.cs:29) 玩家ID：662864470409257
2018-05-07 21:19:21.6809 Map      006 (RoomListHandler.cs:31) 开始测试
2018-05-07 21:19:21.6857 Map      006 (RoomListHandler.cs:33) 164005
2018-05-07 21:19:21.6905 Map      006 (RoomListHandler.cs:33) 894563
2018-05-07 21:19:21.6956 Map      006 (RoomListHandler.cs:33) 853684
2018-05-07 21:19:21.7013 Map      006 (RoomListHandler.cs:35) 结束测试
2018-05-07 21:19:23.0833 Map      006 (PlayerManageComponent.cs:130) 用户ID：662864470409257 延时1毫秒后删除
2018-05-07 21:19:23.0914 Map      006 (PlayerManageComponent.cs:136) 准备删除
2018-05-07 21:19:23.1237 Map      006 (PlayerManageComponent.cs:154) 删除成功
2018-05-07 21:19:29.4379 Map      006 (PlayerManageComponent.cs:57) 新创建：1
2018-05-07 21:19:30.6219 Map      006 (RoomListHandler.cs:29) 玩家ID：662938095648817
2018-05-07 21:19:30.6320 Map      006 (RoomListHandler.cs:31) 开始测试
2018-05-07 21:19:30.6371 Map      006 (RoomListHandler.cs:33) 164005
2018-05-07 21:19:30.6418 Map      006 (RoomListHandler.cs:33) 894563
2018-05-07 21:19:30.6455 Map      006 (RoomListHandler.cs:33) 853684
2018-05-07 21:19:30.6494 Map      006 (RoomListHandler.cs:35) 结束测试
2018-05-07 21:19:32.4404 Map      006 (RoomListHandler.cs:29) 玩家ID：662938095648817
2018-05-07 21:19:32.4558 Map      006 (RoomListHandler.cs:31) 开始测试
2018-05-07 21:19:32.4605 Map      006 (RoomListHandler.cs:33) 164005
2018-05-07 21:19:32.4653 Map      006 (RoomListHandler.cs:33) 894563
2018-05-07 21:19:32.4697 Map      006 (RoomListHandler.cs:33) 853684
2018-05-07 21:19:32.4737 Map      006 (RoomListHandler.cs:35) 结束测试
2018-05-07 21:19:34.1376 Map      006 (RoomListHandler.cs:29) 玩家ID：662938095648817
2018-05-07 21:19:34.1470 Map      006 (RoomListHandler.cs:31) 开始测试
2018-05-07 21:19:34.1511 Map      006 (RoomListHandler.cs:33) 164005
2018-05-07 21:19:34.1555 Map      006 (RoomListHandler.cs:33) 894563
2018-05-07 21:19:34.1599 Map      006 (RoomListHandler.cs:33) 853684
2018-05-07 21:19:34.1639 Map      006 (RoomListHandler.cs:35) 结束测试
2018-05-07 21:19:34.8939 Map      006 (PlayerManageComponent.cs:130) 用户ID：662938095648817 延时1毫秒后删除
2018-05-07 21:19:34.9002 Map      006 (PlayerManageComponent.cs:136) 准备删除
2018-05-07 21:19:34.9167 Map      006 (PlayerManageComponent.cs:154) 删除成功
2018-05-07 21:19:40.6702 Map      006 (PlayerManageComponent.cs:57) 新创建：1
2018-05-07 21:19:41.9051 Map      006 (RoomListHandler.cs:29) 玩家ID：662908520103977
2018-05-07 21:19:41.9151 Map      006 (RoomListHandler.cs:31) 开始测试
2018-05-07 21:19:41.9197 Map      006 (RoomListHandler.cs:33) 164005
2018-05-07 21:19:41.9240 Map      006 (RoomListHandler.cs:33) 894563
2018-05-07 21:19:41.9283 Map      006 (RoomListHandler.cs:33) 853684
2018-05-07 21:19:41.9332 Map      006 (RoomListHandler.cs:35) 结束测试
2018-05-07 21:19:43.6888 Map      006 (RoomListHandler.cs:29) 玩家ID：662908520103977
2018-05-07 21:19:43.7007 Map      006 (RoomListHandler.cs:31) 开始测试
2018-05-07 21:19:43.7055 Map      006 (RoomListHandler.cs:33) 164005
2018-05-07 21:19:43.7105 Map      006 (RoomListHandler.cs:33) 894563
2018-05-07 21:19:43.7171 Map      006 (RoomListHandler.cs:33) 853684
2018-05-07 21:19:43.7218 Map      006 (RoomListHandler.cs:35) 结束测试
2018-05-07 21:19:45.3894 Map      006 (RoomListHandler.cs:29) 玩家ID：662908520103977
2018-05-07 21:19:45.4004 Map      006 (RoomListHandler.cs:31) 开始测试
2018-05-07 21:19:45.4056 Map      006 (RoomListHandler.cs:33) 164005
2018-05-07 21:19:45.4107 Map      006 (RoomListHandler.cs:33) 894563
2018-05-07 21:19:45.4156 Map      006 (RoomListHandler.cs:33) 853684
2018-05-07 21:19:45.4199 Map      006 (RoomListHandler.cs:35) 结束测试
2018-05-07 21:19:53.9080 Map      006 (PlayerManageComponent.cs:130) 用户ID：662908520103977 延时1毫秒后删除
2018-05-07 21:19:53.9138 Map      006 (PlayerManageComponent.cs:136) 准备删除
2018-05-07 21:19:53.9326 Map      006 (PlayerManageComponent.cs:154) 删除成功
2018-05-07 21:20:10.9057 Map      006 (PlayerManageComponent.cs:57) 新创建：1
2018-05-07 21:20:12.6482 Map      006 (RoomListHandler.cs:29) 玩家ID：662908520103977
2018-05-07 21:20:12.6525 Map      006 (RoomListHandler.cs:31) 开始测试
2018-05-07 21:20:12.6581 Map      006 (RoomListHandler.cs:33) 164005
2018-05-07 21:20:12.6634 Map      006 (RoomListHandler.cs:33) 894563
2018-05-07 21:20:12.6689 Map      006 (RoomListHandler.cs:33) 853684
2018-05-07 21:20:12.6738 Map      006 (RoomListHandler.cs:35) 结束测试
2018-05-07 21:20:14.3783 Map      006 (RoomListHandler.cs:29) 玩家ID：662908520103977
2018-05-07 21:20:14.3881 Map      006 (RoomListHandler.cs:31) 开始测试
2018-05-07 21:20:14.3927 Map      006 (RoomListHandler.cs:33) 164005
2018-05-07 21:20:14.3976 Map      006 (RoomListHandler.cs:33) 894563
2018-05-07 21:20:14.4030 Map      006 (RoomListHandler.cs:33) 853684
2018-05-07 21:20:14.4075 Map      006 (RoomListHandler.cs:35) 结束测试
2018-05-07 21:20:14.6391 Map      006 (PlayerManageComponent.cs:130) 用户ID：662908520103977 延时1毫秒后删除
2018-05-07 21:20:14.6456 Map      006 (PlayerManageComponent.cs:136) 准备删除
2018-05-07 21:20:14.6629 Map      006 (PlayerManageComponent.cs:154) 删除成功
2018-05-07 21:20:20.9037 Map      006 (PlayerManageComponent.cs:57) 新创建：1
2018-05-07 21:20:22.0889 Map      006 (RoomListHandler.cs:29) 玩家ID：662864470409257
2018-05-07 21:20:22.0949 Map      006 (RoomListHandler.cs:31) 开始测试
2018-05-07 21:20:22.0995 Map      006 (RoomListHandler.cs:33) 164005
2018-05-07 21:20:22.1050 Map      006 (RoomListHandler.cs:33) 894563
2018-05-07 21:20:22.1126 Map      006 (RoomListHandler.cs:33) 853684
2018-05-07 21:20:22.1195 Map      006 (RoomListHandler.cs:35) 结束测试
2018-05-07 21:20:23.8548 Map      006 (RoomListHandler.cs:29) 玩家ID：662864470409257
2018-05-07 21:20:23.8650 Map      006 (RoomListHandler.cs:31) 开始测试
2018-05-07 21:20:23.8703 Map      006 (RoomListHandler.cs:33) 164005
2018-05-07 21:20:23.8774 Map      006 (RoomListHandler.cs:33) 894563
2018-05-07 21:20:23.8827 Map      006 (RoomListHandler.cs:33) 853684
2018-05-07 21:20:23.8871 Map      006 (RoomListHandler.cs:35) 结束测试
2018-05-07 21:20:25.6051 Map      006 (RoomListHandler.cs:29) 玩家ID：662864470409257
2018-05-07 21:20:25.6151 Map      006 (RoomListHandler.cs:31) 开始测试
2018-05-07 21:20:25.6207 Map      006 (RoomListHandler.cs:33) 164005
2018-05-07 21:20:25.6254 Map      006 (RoomListHandler.cs:33) 894563
2018-05-07 21:20:25.6301 Map      006 (RoomListHandler.cs:33) 853684
2018-05-07 21:20:25.6365 Map      006 (RoomListHandler.cs:35) 结束测试
2018-05-07 21:20:33.3310 Map      006 (PlayerManageComponent.cs:130) 用户ID：662864470409257 延时1毫秒后删除
2018-05-07 21:20:33.3375 Map      006 (PlayerManageComponent.cs:136) 准备删除
2018-05-07 21:20:33.3543 Map      006 (PlayerManageComponent.cs:154) 删除成功
2018-05-07 21:20:39.6191 Map      006 (PlayerManageComponent.cs:57) 新创建：1
2018-05-07 21:20:41.0205 Map      006 (RoomListHandler.cs:29) 玩家ID：662908520103977
2018-05-07 21:20:41.0313 Map      006 (RoomListHandler.cs:31) 开始测试
2018-05-07 21:20:41.0360 Map      006 (RoomListHandler.cs:33) 164005
2018-05-07 21:20:41.0405 Map      006 (RoomListHandler.cs:33) 894563
2018-05-07 21:20:41.0448 Map      006 (RoomListHandler.cs:33) 853684
2018-05-07 21:20:41.0487 Map      006 (RoomListHandler.cs:35) 结束测试
2018-05-07 21:20:48.9812 Map      006 (PlayerManageComponent.cs:130) 用户ID：662908520103977 延时1毫秒后删除
2018-05-07 21:20:48.9880 Map      006 (PlayerManageComponent.cs:136) 准备删除
2018-05-07 21:20:49.0033 Map      006 (PlayerManageComponent.cs:154) 删除成功
2018-05-07 21:25:05.1974 Map      006 (PlayerManageComponent.cs:57) 新创建：1
2018-05-07 21:25:15.2983 Map      006 (CreateRoomHandler.cs:21) 房间类型：NN
2018-05-07 21:25:15.3066 Map      006 (CreateRoomHandler.cs:29) 用户：662864470409257创建房间号：269597
2018-05-07 21:25:19.5328 Map      006 (RoomListHandler.cs:27) NN
2018-05-07 21:25:19.5427 Map      006 (RoomListHandler.cs:30) 玩家ID：662864470409257
2018-05-07 21:25:19.5472 Map      006 (RoomListHandler.cs:32) 开始测试
2018-05-07 21:25:19.5526 Map      006 (RoomListHandler.cs:34) 269597
2018-05-07 21:25:19.5605 Map      006 (RoomListHandler.cs:36) 结束测试
2018-05-07 21:25:26.9662 Map      006 (RoomListHandler.cs:27) NN
2018-05-07 21:25:26.9766 Map      006 (RoomListHandler.cs:30) 玩家ID：662864470409257
2018-05-07 21:25:26.9814 Map      006 (RoomListHandler.cs:32) 开始测试
2018-05-07 21:25:26.9861 Map      006 (RoomListHandler.cs:34) 269597
2018-05-07 21:25:26.9944 Map      006 (RoomListHandler.cs:36) 结束测试
2018-05-07 21:25:28.6689 Map      006 (RoomListHandler.cs:27) NN
2018-05-07 21:25:28.6751 Map      006 (RoomListHandler.cs:30) 玩家ID：662864470409257
2018-05-07 21:25:28.6796 Map      006 (RoomListHandler.cs:32) 开始测试
2018-05-07 21:25:28.6841 Map      006 (RoomListHandler.cs:34) 269597
2018-05-07 21:25:28.6883 Map      006 (RoomListHandler.cs:36) 结束测试
2018-05-07 21:25:29.0704 Map      006 (PlayerManageComponent.cs:130) 用户ID：662864470409257 延时1毫秒后删除
2018-05-07 21:25:29.0765 Map      006 (PlayerManageComponent.cs:136) 准备删除
2018-05-07 21:25:29.1219 Map      006 (PlayerManageComponent.cs:154) 删除成功
2018-05-07 21:25:35.5307 Map      006 (PlayerManageComponent.cs:57) 新创建：1
2018-05-07 21:25:36.9836 Map      006 (RoomListHandler.cs:27) NN
2018-05-07 21:25:36.9938 Map      006 (RoomListHandler.cs:30) 玩家ID：662938095648817
2018-05-07 21:25:36.9985 Map      006 (RoomListHandler.cs:32) 开始测试
2018-05-07 21:25:37.0036 Map      006 (RoomListHandler.cs:34) 269597
2018-05-07 21:25:37.0087 Map      006 (RoomListHandler.cs:36) 结束测试
2018-05-07 21:25:45.4315 Map      006 (RoomListHandler.cs:27) NN
2018-05-07 21:25:45.4415 Map      006 (RoomListHandler.cs:30) 玩家ID：662938095648817
2018-05-07 21:25:45.4470 Map      006 (RoomListHandler.cs:32) 开始测试
2018-05-07 21:25:45.4521 Map      006 (RoomListHandler.cs:34) 269597
2018-05-07 21:25:45.4582 Map      006 (RoomListHandler.cs:36) 结束测试
2018-05-07 21:25:47.1522 Map      006 (PlayerManageComponent.cs:130) 用户ID：662938095648817 延时1毫秒后删除
2018-05-07 21:25:47.1588 Map      006 (PlayerManageComponent.cs:136) 准备删除
2018-05-07 21:25:47.1744 Map      006 (PlayerManageComponent.cs:154) 删除成功
2018-05-07 21:25:53.9835 Map      006 (PlayerManageComponent.cs:57) 新创建：1
2018-05-07 21:25:55.7802 Map      006 (RoomListHandler.cs:27) NN
2018-05-07 21:25:55.7907 Map      006 (RoomListHandler.cs:30) 玩家ID：662908520103977
2018-05-07 21:25:55.7959 Map      006 (RoomListHandler.cs:32) 开始测试
2018-05-07 21:25:55.8003 Map      006 (RoomListHandler.cs:34) 269597
2018-05-07 21:25:55.8059 Map      006 (RoomListHandler.cs:36) 结束测试
2018-05-07 21:25:57.5834 Map      006 (RoomListHandler.cs:27) NN
2018-05-07 21:25:57.5935 Map      006 (RoomListHandler.cs:30) 玩家ID：662908520103977
2018-05-07 21:25:57.5983 Map      006 (RoomListHandler.cs:32) 开始测试
2018-05-07 21:25:57.6037 Map      006 (RoomListHandler.cs:34) 269597
2018-05-07 21:25:57.6093 Map      006 (RoomListHandler.cs:36) 结束测试
2018-05-07 21:26:05.5761 Map      006 (PlayerManageComponent.cs:130) 用户ID：662908520103977 延时1毫秒后删除
2018-05-07 21:26:05.5824 Map      006 (PlayerManageComponent.cs:136) 准备删除
2018-05-07 21:26:05.5955 Map      006 (PlayerManageComponent.cs:154) 删除成功
2018-05-07 21:26:10.1782 Map      006 (PlayerManageComponent.cs:57) 新创建：1
2018-05-07 21:33:23.8419 Map      006 (PlayerManageComponent.cs:57) 新创建：1
2018-05-07 21:33:27.2655 Map      006 (CreateRoomHandler.cs:21) 房间类型：NN
2018-05-07 21:33:27.2748 Map      006 (CreateRoomHandler.cs:29) 用户：662864470409257创建房间号：413540
2018-05-07 21:33:29.6068 Map      006 (RoomListHandler.cs:29) 玩家ID：662864470409257
2018-05-07 21:33:29.6174 Map      006 (RoomListHandler.cs:31) 总数：1
2018-05-07 21:33:29.6226 Map      006 (RoomListHandler.cs:33) 开始测试
2018-05-07 21:33:29.6310 Map      006 (RoomListHandler.cs:35) 413540
2018-05-07 21:33:29.6358 Map      006 (RoomListHandler.cs:37) 结束测试
2018-05-07 21:33:31.2938 Map      006 (RoomListHandler.cs:29) 玩家ID：662864470409257
2018-05-07 21:33:31.3028 Map      006 (RoomListHandler.cs:31) 总数：1
2018-05-07 21:33:31.3069 Map      006 (RoomListHandler.cs:33) 开始测试
2018-05-07 21:33:31.3112 Map      006 (RoomListHandler.cs:35) 413540
2018-05-07 21:33:31.3153 Map      006 (RoomListHandler.cs:37) 结束测试
2018-05-07 21:33:32.4661 Map      006 (PlayerManageComponent.cs:130) 用户ID：662864470409257 延时1毫秒后删除
2018-05-07 21:33:32.4728 Map      006 (PlayerManageComponent.cs:136) 准备删除
2018-05-07 21:33:32.5118 Map      006 (PlayerManageComponent.cs:154) 删除成功
2018-05-07 21:33:46.4538 Map      006 (PlayerManageComponent.cs:57) 新创建：1
2018-05-07 21:33:47.6029 Map      006 (RoomListHandler.cs:29) 玩家ID：662938095648817
2018-05-07 21:33:47.6136 Map      006 (RoomListHandler.cs:31) 总数：1
2018-05-07 21:33:47.6179 Map      006 (RoomListHandler.cs:33) 开始测试
2018-05-07 21:33:47.6224 Map      006 (RoomListHandler.cs:35) 413540
2018-05-07 21:33:47.6271 Map      006 (RoomListHandler.cs:37) 结束测试
2018-05-07 21:33:49.4153 Map      006 (PlayerManageComponent.cs:130) 用户ID：662938095648817 延时1毫秒后删除
2018-05-07 21:33:49.4232 Map      006 (PlayerManageComponent.cs:136) 准备删除
2018-05-07 21:33:49.4422 Map      006 (PlayerManageComponent.cs:154) 删除成功
2018-05-07 21:40:58.7103 Map      006 (PlayerManageComponent.cs:57) 新创建：1
2018-05-07 21:42:28.6346 Map      006 (PlayerManageComponent.cs:57) 新创建：1
2018-05-07 21:42:44.0250 Map      006 (PlayerManageComponent.cs:130) 用户ID：662864470409257 延时1毫秒后删除
2018-05-07 21:42:44.0327 Map      006 (PlayerManageComponent.cs:136) 准备删除
2018-05-07 21:42:44.0481 Map      006 (PlayerManageComponent.cs:154) 删除成功
2018-05-07 21:48:23.9381 Map      006 (PlayerManageComponent.cs:59) 新创建：1
2018-05-07 21:48:26.8450 Map      006 (CreateRoomHandler.cs:21) 房间类型：NN
2018-05-07 21:48:26.8543 Map      006 (CreateRoomHandler.cs:29) 用户：662864470409257创建房间号：440744
2018-05-07 21:48:29.4565 Map      006 (RoomListHandler.cs:29) 玩家ID：662864470409257
2018-05-07 21:48:29.4672 Map      006 (RoomListHandler.cs:31) 总数：1
2018-05-07 21:48:29.4721 Map      006 (RoomListHandler.cs:33) 开始测试
2018-05-07 21:48:29.4812 Map      006 (RoomListHandler.cs:35) 440744
2018-05-07 21:48:29.4857 Map      006 (RoomListHandler.cs:37) 结束测试
2018-05-07 21:48:31.2097 Map      006 (RoomListHandler.cs:29) 玩家ID：662864470409257
2018-05-07 21:48:31.2203 Map      006 (RoomListHandler.cs:31) 总数：1
2018-05-07 21:48:31.2255 Map      006 (RoomListHandler.cs:33) 开始测试
2018-05-07 21:48:31.2300 Map      006 (RoomListHandler.cs:35) 440744
2018-05-07 21:48:31.2345 Map      006 (RoomListHandler.cs:37) 结束测试
2018-05-07 21:48:31.7630 Map      006 (PlayerManageComponent.cs:132) 用户ID：662864470409257 延时1毫秒后删除
2018-05-07 21:48:31.7684 Map      006 (PlayerManageComponent.cs:138) 准备删除
2018-05-07 21:48:31.8066 Map      006 (PlayerManageComponent.cs:156) 删除成功
2018-05-07 21:48:37.5232 Map      006 (PlayerManageComponent.cs:59) 新创建：1
2018-05-07 21:48:41.7069 Map      006 (PlayerManageComponent.cs:132) 用户ID：662938095648817 延时1毫秒后删除
2018-05-07 21:48:41.7139 Map      006 (PlayerManageComponent.cs:138) 准备删除
2018-05-07 21:48:41.7270 Map      006 (PlayerManageComponent.cs:156) 删除成功
2018-05-07 21:48:47.1225 Map      006 (PlayerManageComponent.cs:59) 新创建：1
2018-05-07 21:48:50.8678 Map      006 (CreateRoomHandler.cs:21) 房间类型：NN
2018-05-07 21:48:50.8791 Map      006 (CreateRoomHandler.cs:29) 用户：662908520103977创建房间号：722465
2018-05-07 21:48:52.9879 Map      006 (RoomListHandler.cs:29) 玩家ID：662908520103977
2018-05-07 21:48:52.9977 Map      006 (RoomListHandler.cs:31) 总数：1
2018-05-07 21:48:53.0019 Map      006 (RoomListHandler.cs:33) 开始测试
2018-05-07 21:48:53.0063 Map      006 (RoomListHandler.cs:35) 722465
2018-05-07 21:48:53.0159 Map      006 (RoomListHandler.cs:37) 结束测试
2018-05-07 21:48:54.7424 Map      006 (RoomListHandler.cs:29) 玩家ID：662908520103977
2018-05-07 21:48:54.7534 Map      006 (RoomListHandler.cs:31) 总数：1
2018-05-07 21:48:54.7592 Map      006 (RoomListHandler.cs:33) 开始测试
2018-05-07 21:48:54.7647 Map      006 (RoomListHandler.cs:35) 722465
2018-05-07 21:48:54.7695 Map      006 (RoomListHandler.cs:37) 结束测试
2018-05-07 21:48:55.8511 Map      006 (PlayerManageComponent.cs:132) 用户ID：662908520103977 延时1毫秒后删除
2018-05-07 21:48:55.8627 Map      006 (PlayerManageComponent.cs:138) 准备删除
2018-05-07 21:48:55.8775 Map      006 (PlayerManageComponent.cs:156) 删除成功
2018-05-07 21:49:01.6153 Map      006 (PlayerManageComponent.cs:59) 新创建：1
2018-05-07 21:49:04.2983 Map      006 (PlayerManageComponent.cs:132) 用户ID：662938095648817 延时1毫秒后删除
2018-05-07 21:49:04.3053 Map      006 (PlayerManageComponent.cs:138) 准备删除
2018-05-07 21:49:04.3262 Map      006 (PlayerManageComponent.cs:156) 删除成功
2018-05-07 21:49:09.7831 Map      006 (PlayerManageComponent.cs:59) 新创建：1
2018-05-07 21:49:14.2757 Map      006 (CreateRoomHandler.cs:21) 房间类型：NN
2018-05-07 21:49:14.2829 Map      006 (CreateRoomHandler.cs:29) 用户：662864470409257创建房间号：121442
2018-05-07 21:49:16.9230 Map      006 (RoomListHandler.cs:29) 玩家ID：662864470409257
2018-05-07 21:49:16.9330 Map      006 (RoomListHandler.cs:31) 总数：1
2018-05-07 21:49:16.9378 Map      006 (RoomListHandler.cs:33) 开始测试
2018-05-07 21:49:16.9424 Map      006 (RoomListHandler.cs:35) 121442
2018-05-07 21:49:16.9470 Map      006 (RoomListHandler.cs:37) 结束测试
2018-05-07 21:49:18.5911 Map      006 (PlayerManageComponent.cs:132) 用户ID：662864470409257 延时1毫秒后删除
2018-05-07 21:49:18.5985 Map      006 (PlayerManageComponent.cs:138) 准备删除
2018-05-07 21:49:18.6185 Map      006 (PlayerManageComponent.cs:156) 删除成功
2018-05-07 21:49:24.0947 Map      006 (PlayerManageComponent.cs:59) 新创建：1
2018-05-07 21:49:42.5140 Map      006 (PlayerManageComponent.cs:132) 用户ID：662908520103977 延时1毫秒后删除
2018-05-07 21:49:42.5209 Map      006 (PlayerManageComponent.cs:138) 准备删除
2018-05-07 21:49:42.5344 Map      006 (PlayerManageComponent.cs:156) 删除成功
2018-05-07 21:55:42.5239 Map      006 (CreateRoomHandler.cs:21) 房间类型：NN
2018-05-07 21:55:42.5336 Map      006 (CreateRoomHandler.cs:29) 用户：662864470409257创建房间号：754717
2018-05-07 21:55:45.1908 Map      006 (RoomListHandler.cs:29) 玩家ID：662864470409257
2018-05-07 21:55:45.2011 Map      006 (RoomListHandler.cs:31) 总数：1
2018-05-07 21:55:45.2061 Map      006 (RoomListHandler.cs:33) 开始测试
2018-05-07 21:55:45.2110 Map      006 (RoomListHandler.cs:35) 754717
2018-05-07 21:55:45.2172 Map      006 (RoomListHandler.cs:37) 结束测试
2018-05-07 21:55:46.9359 Map      006 (RoomListHandler.cs:29) 玩家ID：662864470409257
2018-05-07 21:55:46.9465 Map      006 (RoomListHandler.cs:31) 总数：1
2018-05-07 21:55:46.9519 Map      006 (RoomListHandler.cs:33) 开始测试
2018-05-07 21:55:46.9565 Map      006 (RoomListHandler.cs:35) 754717
2018-05-07 21:55:46.9610 Map      006 (RoomListHandler.cs:37) 结束测试
2018-05-07 21:55:48.0627 Map      006 (PlayerManageComponent.cs:128) 用户ID：662864470409257 延时10000毫秒后删除
2018-05-07 21:55:55.1676 Map      006 (RoomListHandler.cs:29) 玩家ID：662864470409257
2018-05-07 21:55:55.1823 Map      006 (RoomListHandler.cs:31) 总数：1
2018-05-07 21:55:55.1872 Map      006 (RoomListHandler.cs:33) 开始测试
2018-05-07 21:55:55.1916 Map      006 (RoomListHandler.cs:35) 754717
2018-05-07 21:55:55.1959 Map      006 (RoomListHandler.cs:37) 结束测试
2018-05-07 21:55:56.4635 Map      006 (PlayerManageComponent.cs:128) 用户ID：662864470409257 延时10000毫秒后删除
2018-05-07 21:55:58.0701 Map      006 (PlayerManageComponent.cs:134) 准备删除
2018-05-07 21:55:58.0885 Map      006 (PlayerManageComponent.cs:152) 删除成功
2018-05-07 21:56:04.1522 Map      006 (PlayerManageComponent.cs:128) 用户ID：662938095648817 延时10000毫秒后删除
2018-05-07 21:56:06.4735 Map      006 (PlayerManageComponent.cs:134) 准备删除
2018-05-07 21:56:06.4923 Map      006 (PlayerManageComponent.cs:152) 删除成功
2018-05-07 21:56:14.1625 Map      006 (PlayerManageComponent.cs:134) 准备删除
2018-05-07 21:56:14.1785 Map      006 (PlayerManageComponent.cs:152) 删除成功
2018-05-07 22:42:52.6725 Map      006 (CreateRoomHandler.cs:21) 房间类型：NN
2018-05-07 22:42:52.6826 Map      006 (CreateRoomHandler.cs:29) 用户：662864470409257创建房间号：149881
2018-05-07 22:42:55.1646 Map      006 (RoomListHandler.cs:29) 玩家ID：662864470409257
2018-05-07 22:42:55.1750 Map      006 (RoomListHandler.cs:31) 总数：1
2018-05-07 22:42:55.1802 Map      006 (RoomListHandler.cs:33) 开始测试
2018-05-07 22:42:55.1865 Map      006 (RoomListHandler.cs:35) 149881
2018-05-07 22:42:55.1926 Map      006 (RoomListHandler.cs:37) 结束测试
2018-05-07 22:42:57.0404 Map      006 (CreateRoomHandler.cs:21) 房间类型：NN
2018-05-07 22:42:57.0480 Map      006 (CreateRoomHandler.cs:29) 用户：662864470409257创建房间号：967909
2018-05-07 22:42:59.0812 Map      006 (RoomListHandler.cs:29) 玩家ID：662864470409257
2018-05-07 22:42:59.0913 Map      006 (RoomListHandler.cs:31) 总数：2
2018-05-07 22:42:59.0958 Map      006 (RoomListHandler.cs:33) 开始测试
2018-05-07 22:42:59.1003 Map      006 (RoomListHandler.cs:35) 149881
2018-05-07 22:42:59.1061 Map      006 (RoomListHandler.cs:35) 967909
2018-05-07 22:42:59.1112 Map      006 (RoomListHandler.cs:37) 结束测试
2018-05-07 22:43:01.5475 Map      006 (CreateRoomHandler.cs:21) 房间类型：NN
2018-05-07 22:43:01.5527 Map      006 (CreateRoomHandler.cs:29) 用户：662864470409257创建房间号：552657
2018-05-07 22:43:03.5453 Map      006 (RoomListHandler.cs:29) 玩家ID：662864470409257
2018-05-07 22:43:03.5556 Map      006 (RoomListHandler.cs:31) 总数：3
2018-05-07 22:43:03.5605 Map      006 (RoomListHandler.cs:33) 开始测试
2018-05-07 22:43:03.5657 Map      006 (RoomListHandler.cs:35) 149881
2018-05-07 22:43:03.5706 Map      006 (RoomListHandler.cs:35) 967909
2018-05-07 22:43:03.5756 Map      006 (RoomListHandler.cs:35) 552657
2018-05-07 22:43:03.5802 Map      006 (RoomListHandler.cs:37) 结束测试
2018-05-07 22:43:05.2828 Map      006 (RoomListHandler.cs:29) 玩家ID：662864470409257
2018-05-07 22:43:05.2938 Map      006 (RoomListHandler.cs:31) 总数：3
2018-05-07 22:43:05.2995 Map      006 (RoomListHandler.cs:33) 开始测试
2018-05-07 22:43:05.3081 Map      006 (RoomListHandler.cs:35) 149881
2018-05-07 22:43:05.3122 Map      006 (RoomListHandler.cs:35) 967909
2018-05-07 22:43:05.3165 Map      006 (RoomListHandler.cs:35) 552657
2018-05-07 22:43:05.3203 Map      006 (RoomListHandler.cs:37) 结束测试
2018-05-07 22:43:06.8054 Map      006 (PlayerManageComponent.cs:127) 准备删除
2018-05-07 22:43:06.8439 Map      006 (PlayerManageComponent.cs:145) 删除成功
2018-05-07 22:43:21.5860 Map      006 (PlayerManageComponent.cs:127) 准备删除
2018-05-07 22:43:21.6010 Map      006 (PlayerManageComponent.cs:145) 删除成功
