2018-04-30 01:32:32.7628 Map      006 (PlayerManageComponent.cs:63) 已经做到删除标记
2018-04-30 01:32:42.7942 Map      006 (PlayerManageComponent.cs:81) 准备删除
2018-04-30 01:32:42.7982 Map      006 (PlayerManageComponent.cs:89) 删除成功
2018-04-30 01:34:59.5274 Map      006 (PlayerManageComponent.cs:63) 已经做到删除标记
2018-04-30 01:36:38.1810 Map      006 (PlayerManageComponent.cs:63) 已经做到删除标记
2018-04-30 01:39:17.1360 Map      006 (PlayerManageComponent.cs:63) 已经做到删除标记
2018-04-30 01:40:01.5303 Map      006 (PlayerManageComponent.cs:63) 已经做到删除标记
2018-04-30 01:40:11.5608 Map      006 (PlayerManageComponent.cs:81) 准备删除
2018-04-30 01:40:11.5649 Map      006 (PlayerManageComponent.cs:89) 删除成功
2018-04-30 01:41:49.8981 Map      006 (PlayerManageComponent.cs:63) 已经做到删除标记
2018-04-30 01:44:22.1732 Map      006 (PlayerManageComponent.cs:63) 已经做到删除标记
2018-04-30 01:49:18.2181 Map      006 (PlayerManageComponent.cs:63) 已经做到删除标记
2018-04-30 01:50:42.5268 Map      006 (PlayerManageComponent.cs:63) 已经做到删除标记
2018-04-30 01:50:52.5540 Map      006 (PlayerManageComponent.cs:81) 准备删除
2018-04-30 01:50:52.5582 Map      006 (PlayerManageComponent.cs:89) 删除成功
2018-04-30 01:51:08.7012 Map      006 (PlayerManageComponent.cs:63) 已经做到删除标记
2018-04-30 01:51:59.7963 Map      006 (PlayerManageComponent.cs:63) 已经做到删除标记
2018-04-30 01:52:09.8192 Map      006 (PlayerManageComponent.cs:81) 准备删除
2018-04-30 01:52:09.8233 Map      006 (PlayerManageComponent.cs:89) 删除成功
2018-04-30 01:53:07.5101 Map      006 (PlayerManageComponent.cs:63) 已经做到删除标记
2018-04-30 01:53:17.5383 Map      006 (PlayerManageComponent.cs:81) 准备删除
2018-04-30 01:53:17.5426 Map      006 (PlayerManageComponent.cs:89) 删除成功
2018-04-30 01:53:35.7066 Map      006 (PlayerManageComponent.cs:63) 已经做到删除标记
2018-04-30 01:53:45.7261 Map      006 (PlayerManageComponent.cs:81) 准备删除
2018-04-30 01:53:45.7279 Map      006 (PlayerManageComponent.cs:89) 删除成功
2018-04-30 01:56:53.4657 Map      006 (PlayerManageComponent.cs:63) 已经做到删除标记
2018-04-30 01:58:02.2945 Map      006 (PlayerManageComponent.cs:63) 已经做到删除标记
2018-04-30 01:58:12.3193 Map      006 (PlayerManageComponent.cs:81) 准备删除
2018-04-30 01:58:12.3244 Map      006 (PlayerManageComponent.cs:89) 删除成功
2018-04-30 10:38:18.3848 Map      006 (PlayerManageComponent.cs:63) 已经做到删除标记
2018-04-30 10:38:28.3936 Map      006 (PlayerManageComponent.cs:69) 准备删除
2018-04-30 10:38:28.4330 Map      006 (PlayerManageComponent.cs:91) 删除成功
2018-04-30 10:38:41.4361 Map      006 (PlayerManageComponent.cs:63) 已经做到删除标记
2018-04-30 10:38:51.4470 Map      006 (PlayerManageComponent.cs:69) 准备删除
2018-04-30 10:38:51.4550 Map      006 (PlayerManageComponent.cs:95) 未能删除成功、因为用户登录了
2018-04-30 10:38:54.2617 Map      006 (PlayerManageComponent.cs:63) 已经做到删除标记
2018-04-30 10:39:04.2684 Map      006 (PlayerManageComponent.cs:69) 准备删除
2018-04-30 10:39:04.2914 Map      006 (PlayerManageComponent.cs:91) 删除成功
2018-04-30 10:39:59.7689 Map      006 (PlayerManageComponent.cs:63) 已经做到删除标记
2018-04-30 10:40:09.7754 Map      006 (PlayerManageComponent.cs:69) 准备删除
2018-04-30 10:40:09.8017 Map      006 (PlayerManageComponent.cs:91) 删除成功
2018-04-30 10:40:24.1568 Map      006 (PlayerManageComponent.cs:63) 已经做到删除标记
2018-04-30 10:40:34.1685 Map      006 (PlayerManageComponent.cs:69) 准备删除
2018-04-30 10:40:34.1758 Map      006 (PlayerManageComponent.cs:95) 未能删除成功、因为用户登录了
2018-04-30 10:40:36.5432 Map      006 (PlayerManageComponent.cs:63) 已经做到删除标记
2018-04-30 10:45:06.9014 Map      006 (PlayerManageComponent.cs:63) 已经做到删除标记
2018-04-30 10:45:16.9086 Map      006 (PlayerManageComponent.cs:69) 准备删除
2018-04-30 10:45:16.9497 Map      006 (PlayerManageComponent.cs:91) 删除成功
2018-04-30 10:45:36.3335 Map      006 (PlayerManageComponent.cs:63) 已经做到删除标记
2018-04-30 10:45:46.3444 Map      006 (PlayerManageComponent.cs:69) 准备删除
2018-04-30 10:45:46.3710 Map      006 (PlayerManageComponent.cs:91) 删除成功
2018-04-30 10:45:57.4478 Map      006 (PlayerManageComponent.cs:63) 已经做到删除标记
2018-04-30 10:46:07.4587 Map      006 (PlayerManageComponent.cs:69) 准备删除
2018-04-30 10:46:07.4671 Map      006 (PlayerManageComponent.cs:95) 未能删除成功、因为用户登录了
2018-04-30 10:46:11.0935 Map      006 (PlayerManageComponent.cs:63) 已经做到删除标记
2018-04-30 10:46:21.1039 Map      006 (PlayerManageComponent.cs:69) 准备删除
2018-04-30 10:46:21.1318 Map      006 (PlayerManageComponent.cs:91) 删除成功
2018-04-30 10:54:07.5952 Map      006 (PlayerManageComponent.cs:63) 已经做到删除标记
2018-04-30 10:54:17.6027 Map      006 (PlayerManageComponent.cs:69) 准备删除
2018-04-30 10:54:17.6417 Map      006 (PlayerManageComponent.cs:91) 删除成功
2018-04-30 11:01:49.3978 Map      006 (PlayerManageComponent.cs:63) 已经做到删除标记
2018-04-30 11:01:59.4041 Map      006 (PlayerManageComponent.cs:69) 准备删除
2018-04-30 11:01:59.4454 Map      006 (PlayerManageComponent.cs:91) 删除成功
2018-04-30 11:42:02.1190 Map      006 (CreateRoomHandler.cs:21) 房间类型：NN
2018-04-30 11:42:02.1329 Map      006 (RoomManageComponent.cs:45) 000000000000
2018-04-30 11:42:02.1394 Map      006 (CreateRoomHandler.cs:29) 用户：662864470409257创建房间号：178879
2018-04-30 11:42:02.1858 Map      006 (RoomRulesHandler.cs:27) 178879
2018-04-30 11:42:09.7341 Map      006 (PlayerManageComponent.cs:63) 已经做到删除标记
2018-04-30 11:42:15.4250 Map      006 (CreateRoomHandler.cs:21) 房间类型：NN
2018-04-30 11:42:19.7425 Map      006 (PlayerManageComponent.cs:69) 准备删除
2018-04-30 11:42:19.7455 Map      006 (PlayerManageComponent.cs:95) 未能删除成功、因为用户登录了
2018-04-30 11:44:21.6478 Map      006 (PlayerManageComponent.cs:63) 已经做到删除标记
2018-04-30 11:44:27.4247 Map      006 (CreateRoomHandler.cs:21) 房间类型：NN
2018-04-30 11:44:27.4325 Map      006 (RoomManageComponent.cs:37) 000000000000
2018-04-30 11:44:27.4385 Map      006 (RoomManageComponent.cs:45) 1111111111111
2018-04-30 11:44:27.4452 Map      006 (CreateRoomHandler.cs:29) 用户：662864470409257创建房间号：178879
2018-04-30 11:44:27.5092 Map      006 (RoomRulesHandler.cs:27) 178879
2018-04-30 11:44:31.6553 Map      006 (PlayerManageComponent.cs:69) 准备删除
2018-04-30 11:44:31.6640 Map      006 (PlayerManageComponent.cs:95) 未能删除成功、因为用户登录了
2018-04-30 11:44:37.6975 Map      006 (PlayerManageComponent.cs:63) 已经做到删除标记
2018-04-30 11:44:43.1208 Map      006 (CreateRoomHandler.cs:21) 房间类型：NN
2018-04-30 11:44:43.1313 Map      006 (RoomManageComponent.cs:37) 000000000000
2018-04-30 11:44:47.7041 Map      006 (PlayerManageComponent.cs:69) 准备删除
2018-04-30 11:44:47.7131 Map      006 (PlayerManageComponent.cs:95) 未能删除成功、因为用户登录了
2018-04-30 11:47:55.9614 Map      006 (CreateRoomHandler.cs:21) 房间类型：NN
2018-04-30 11:47:55.9737 Map      006 (RoomManageComponent.cs:37) 000000000000
2018-04-30 11:47:55.9797 Map      006 (RoomManageComponent.cs:45) 1111111111111
2018-04-30 11:47:55.9861 Map      006 (CreateRoomHandler.cs:29) 用户：662864470409257创建房间号：178879
2018-04-30 11:47:56.0369 Map      006 (RoomRulesHandler.cs:27) 178879
2018-04-30 11:47:59.6854 Map      006 (PlayerManageComponent.cs:63) 已经做到删除标记
2018-04-30 11:48:06.9017 Map      006 (CreateRoomHandler.cs:21) 房间类型：NN
2018-04-30 11:48:06.9091 Map      006 (RoomManageComponent.cs:37) 000000000000
2018-04-30 11:48:09.6913 Map      006 (PlayerManageComponent.cs:69) 准备删除
2018-04-30 11:48:09.6996 Map      006 (PlayerManageComponent.cs:95) 未能删除成功、因为用户登录了
2018-04-30 11:51:59.8870 Map      006 (CreateRoomHandler.cs:21) 房间类型：NN
2018-04-30 11:51:59.8953 Map      006 (RoomManageComponent.cs:37) 178879
2018-04-30 11:51:59.9008 Map      006 (RoomManageComponent.cs:38) 000000000000
2018-04-30 11:51:59.9063 Map      006 (RoomManageComponent.cs:46) 1111111111111
2018-04-30 11:51:59.9115 Map      006 (CreateRoomHandler.cs:29) 用户：662864470409257创建房间号：178879
2018-04-30 11:51:59.9680 Map      006 (RoomRulesHandler.cs:27) 178879
2018-04-30 11:52:05.5205 Map      006 (PlayerManageComponent.cs:63) 已经做到删除标记
2018-04-30 11:52:10.5276 Map      006 (CreateRoomHandler.cs:21) 房间类型：NN
2018-04-30 11:52:10.5381 Map      006 (RoomManageComponent.cs:37) 178879
2018-04-30 11:52:10.5427 Map      006 (RoomManageComponent.cs:38) 000000000000
2018-04-30 11:52:15.5268 Map      006 (PlayerManageComponent.cs:69) 准备删除
2018-04-30 11:52:15.5360 Map      006 (PlayerManageComponent.cs:95) 未能删除成功、因为用户登录了
2018-04-30 11:56:16.8364 Map      006 (CreateRoomHandler.cs:21) 房间类型：NN
2018-04-30 11:56:16.8446 Map      006 (RoomManageComponent.cs:38) 0
2018-04-30 11:56:16.8502 Map      006 (RoomManageComponent.cs:39) 000000000000
2018-04-30 11:56:16.8560 Map      006 (RoomManageComponent.cs:47) 1111111111111
2018-04-30 11:56:16.8617 Map      006 (CreateRoomHandler.cs:29) 用户：662864470409257创建房间号：178879
2018-04-30 11:56:16.9116 Map      006 (RoomRulesHandler.cs:27) 178879
2018-04-30 11:56:20.3393 Map      006 (PlayerManageComponent.cs:63) 已经做到删除标记
2018-04-30 11:56:27.7214 Map      006 (CreateRoomHandler.cs:21) 房间类型：NN
2018-04-30 11:56:27.7280 Map      006 (RoomManageComponent.cs:38) 0
2018-04-30 11:56:27.7329 Map      006 (RoomManageComponent.cs:39) 000000000000
2018-04-30 11:56:30.3452 Map      006 (PlayerManageComponent.cs:69) 准备删除
2018-04-30 11:56:30.3545 Map      006 (PlayerManageComponent.cs:95) 未能删除成功、因为用户登录了
2018-04-30 12:25:08.4628 Map      006 (CreateRoomHandler.cs:21) 房间类型：NN
2018-04-30 12:25:08.4717 Map      006 (RoomManageComponent.cs:38) 19
2018-04-30 12:25:08.4764 Map      006 (RoomManageComponent.cs:39) 000000000000
2018-04-30 12:25:08.4817 Map      006 (RoomManageComponent.cs:47) 1111111111111
2018-04-30 12:25:08.4867 Map      006 (CreateRoomHandler.cs:29) 用户：662864470409257创建房间号：178879
2018-04-30 12:25:08.5310 Map      006 (RoomRulesHandler.cs:27) 178879
2018-04-30 12:25:12.1306 Map      006 (PlayerManageComponent.cs:63) 已经做到删除标记
2018-04-30 12:25:20.9457 Map      006 (CreateRoomHandler.cs:21) 房间类型：NN
2018-04-30 12:25:20.9542 Map      006 (RoomManageComponent.cs:38) 19
2018-04-30 12:25:20.9602 Map      006 (RoomManageComponent.cs:39) 000000000000
2018-04-30 12:25:22.1373 Map      006 (PlayerManageComponent.cs:69) 准备删除
2018-04-30 12:25:22.1461 Map      006 (PlayerManageComponent.cs:95) 未能删除成功、因为用户登录了
2018-04-30 12:32:32.3000 Map      006 (CreateRoomHandler.cs:21) 房间类型：NN
2018-04-30 12:32:32.3119 Map      006 (RoomManageComponent.cs:38) 566803
2018-04-30 12:32:32.3166 Map      006 (RoomManageComponent.cs:39) 000000000000
2018-04-30 12:32:32.3224 Map      006 (RoomManageComponent.cs:47) 1111111111111
2018-04-30 12:32:32.3272 Map      006 (CreateRoomHandler.cs:29) 用户：662864470409257创建房间号：566803
2018-04-30 12:32:32.3747 Map      006 (RoomRulesHandler.cs:27) 566803
2018-04-30 12:32:37.7848 Map      006 (PlayerManageComponent.cs:63) 已经做到删除标记
2018-04-30 12:32:44.1694 Map      006 (CreateRoomHandler.cs:21) 房间类型：NN
2018-04-30 12:32:44.1760 Map      006 (RoomManageComponent.cs:38) 185521
2018-04-30 12:32:44.1805 Map      006 (RoomManageComponent.cs:39) 000000000000
2018-04-30 12:32:44.1852 Map      006 (RoomManageComponent.cs:47) 1111111111111
2018-04-30 12:32:44.1900 Map      006 (CreateRoomHandler.cs:29) 用户：662864470409257创建房间号：185521
2018-04-30 12:32:44.2356 Map      006 (RoomRulesHandler.cs:27) 185521
2018-04-30 12:32:47.7910 Map      006 (PlayerManageComponent.cs:69) 准备删除
2018-04-30 12:32:47.8038 Map      006 (PlayerManageComponent.cs:95) 未能删除成功、因为用户登录了
2018-04-30 12:32:49.8142 Map      006 (PlayerManageComponent.cs:63) 已经做到删除标记
